Iteration 0 exploitability 0.8777777777777779
Iteration 1 exploitability 0.7282490504874025
Iteration 2 exploitability 0.564739962846823
Iteration 3 exploitability 0.4559162726027715
Iteration 4 exploitability 0.4160807151146609
Iteration 5 exploitability 0.34472625013611685
Iteration 6 exploitability 0.2823714095070037
Iteration 7 exploitability 0.2593631777632744
Iteration 8 exploitability 0.2389241194500919
Iteration 9 exploitability 0.22551576162151227
Iteration 10 exploitability 0.22124744335953592
Iteration 11 exploitability 0.2075185746956972
Iteration 12 exploitability 0.20056527648346828
Iteration 13 exploitability 0.1966372701203374
Iteration 14 exploitability 0.19240344533541318
Iteration 15 exploitability 0.19011763561186817
Iteration 16 exploitability 0.1890214457754879
Iteration 17 exploitability 0.18841477410575713
Iteration 18 exploitability 0.18587569653651725
Iteration 19 exploitability 0.1817310320931893
Iteration 20 exploitability 0.18051186471495756
Iteration 21 exploitability 0.18103697550273304
Iteration 22 exploitability 0.17997096938693305
Iteration 23 exploitability 0.17820174405051253
Iteration 24 exploitability 0.17791973121212692
Iteration 25 exploitability 0.1793583275869953
Iteration 26 exploitability 0.17814607004661914
Iteration 27 exploitability 0.1763168867500509
Iteration 28 exploitability 0.1765844406551675
Iteration 29 exploitability 0.1764249888427756
Iteration 30 exploitability 0.17511339173671214
Iteration 31 exploitability 0.17475994150741447
Iteration 32 exploitability 0.17496246638761503
Iteration 33 exploitability 0.17529893983730502
Iteration 34 exploitability 0.17479403799382112
Iteration 35 exploitability 0.1744236737967853
Iteration 36 exploitability 0.1743832101613901
Iteration 37 exploitability 0.17412709347578867
Iteration 38 exploitability 0.17404100805501369
Iteration 39 exploitability 0.17366856001630085
Iteration 40 exploitability 0.17356828317484782
Iteration 41 exploitability 0.1739894525520161
Iteration 42 exploitability 0.17388518364861572
Iteration 43 exploitability 0.17303670355647613
Iteration 44 exploitability 0.17252699427047435
Iteration 45 exploitability 0.17295916340920794
Iteration 46 exploitability 0.1733246107036203
Iteration 47 exploitability 0.17296062252465744
Iteration 48 exploitability 0.17280253074826923
Iteration 49 exploitability 0.17271498359024023
Iteration 50 exploitability 0.1730589598891885
Iteration 51 exploitability 0.17277638518285515
Iteration 52 exploitability 0.17231506198857113
Iteration 53 exploitability 0.17236075271955395
Iteration 54 exploitability 0.17288930257507573
Iteration 55 exploitability 0.17271326734636377
Iteration 56 exploitability 0.17216158365577278
Iteration 57 exploitability 0.1719596030310773
Iteration 58 exploitability 0.1724866357950064
Iteration 59 exploitability 0.1724503580400416
Iteration 60 exploitability 0.1720841160822406
Iteration 61 exploitability 0.17244110803249602
Iteration 62 exploitability 0.17274248340350887
Iteration 63 exploitability 0.1724526923818265
Iteration 64 exploitability 0.1717373073360593
Iteration 65 exploitability 0.17184011848264766
Iteration 66 exploitability 0.172071692338904
Iteration 67 exploitability 0.17231851143660165
Iteration 68 exploitability 0.1720607399146495
Iteration 69 exploitability 0.1718669054219
Iteration 70 exploitability 0.17182393231787746
