Iteration 0 exploitability 0.8751388888888889
Iteration 1 exploitability 0.7213788204800353
Iteration 2 exploitability 0.5872893054668333
Iteration 3 exploitability 0.48903449832959994
Iteration 4 exploitability 0.39541599105924813
Iteration 5 exploitability 0.3110877732222273
Iteration 6 exploitability 0.2709582127487343
Iteration 7 exploitability 0.25886329184716905
Iteration 8 exploitability 0.246220862604577
Iteration 9 exploitability 0.23980162824756904
Iteration 10 exploitability 0.22146000833085253
Iteration 11 exploitability 0.2131150259375593
Iteration 12 exploitability 0.2064347243871716
Iteration 13 exploitability 0.19970172493879418
Iteration 14 exploitability 0.19515845218820357
Iteration 15 exploitability 0.19259810593966473
Iteration 16 exploitability 0.18937153835120357
Iteration 17 exploitability 0.18852693423573566
Iteration 18 exploitability 0.18727468540750247
Iteration 19 exploitability 0.18404289309573407
Iteration 20 exploitability 0.18286711401476796
Iteration 21 exploitability 0.18165735989663198
Iteration 22 exploitability 0.18092267527464656
Iteration 23 exploitability 0.18072442531476757
Iteration 24 exploitability 0.1818438569239217
Iteration 25 exploitability 0.1813243311369745
Iteration 26 exploitability 0.17998687022523452
Iteration 27 exploitability 0.18023186819477646
Iteration 28 exploitability 0.17989491610628783
Iteration 29 exploitability 0.17859119368735224
Iteration 30 exploitability 0.17845266562811463
Iteration 31 exploitability 0.1778979780734131
Iteration 32 exploitability 0.1772632388522149
Iteration 33 exploitability 0.17762125621560035
Iteration 34 exploitability 0.1785177424265148
Iteration 35 exploitability 0.17874381741481066
Iteration 36 exploitability 0.1784560501548103
Iteration 37 exploitability 0.17849010306072
Iteration 38 exploitability 0.17757702979342224
Iteration 39 exploitability 0.17724416700003662
Iteration 40 exploitability 0.17711121921618148
Iteration 41 exploitability 0.1768448177227441
Iteration 42 exploitability 0.1764125221545577
Iteration 43 exploitability 0.17675239154500094
Iteration 44 exploitability 0.17668627196093986
Iteration 45 exploitability 0.17696761441191586
Iteration 46 exploitability 0.17737668378099677
Iteration 47 exploitability 0.17744105210621183
Iteration 48 exploitability 0.17714990626478466
Iteration 49 exploitability 0.17739192488095037
Iteration 50 exploitability 0.1769918580686073
Iteration 51 exploitability 0.17605796184254868
Iteration 52 exploitability 0.17632885276229132
Iteration 53 exploitability 0.17664771623038508
Iteration 54 exploitability 0.176744558350053
Iteration 55 exploitability 0.17646535476032232
Iteration 56 exploitability 0.17671930132791794
Iteration 57 exploitability 0.17644068123980913
Iteration 58 exploitability 0.17643590515120025
Iteration 59 exploitability 0.17678529239373345
Iteration 60 exploitability 0.17689866824014694
Iteration 61 exploitability 0.17664776120510403
Iteration 62 exploitability 0.1765148406536781
Iteration 63 exploitability 0.17624876038744922
Iteration 64 exploitability 0.17596736825089854
Iteration 65 exploitability 0.1761956140823077
Iteration 66 exploitability 0.17638899529294863
Iteration 67 exploitability 0.1763584205185069
Iteration 68 exploitability 0.176236674269243
Iteration 69 exploitability 0.17651779740393395
