Iteration 0 exploitability 0.7274305555555556
Iteration 1 exploitability 0.6851915469035386
Iteration 2 exploitability 0.56135442672433
Iteration 3 exploitability 0.4405439460362596
Iteration 4 exploitability 0.4044697716211856
Iteration 5 exploitability 0.3243426181017681
Iteration 6 exploitability 0.2922426061885247
Iteration 7 exploitability 0.26907599771954505
Iteration 8 exploitability 0.2454614528732489
Iteration 9 exploitability 0.22653064756742342
Iteration 10 exploitability 0.21707437342306463
Iteration 11 exploitability 0.20274111277348125
Iteration 12 exploitability 0.18915467242875267
Iteration 13 exploitability 0.175168317177354
Iteration 14 exploitability 0.1611941875091057
Iteration 15 exploitability 0.15831577259067883
Iteration 16 exploitability 0.15160526919984313
Iteration 17 exploitability 0.14613949733240053
Iteration 18 exploitability 0.13421932487295046
Iteration 19 exploitability 0.1306582612834731
Iteration 20 exploitability 0.12785426340167694
Iteration 21 exploitability 0.12638467989459037
Iteration 22 exploitability 0.12595854067449588
Iteration 23 exploitability 0.12431255020916217
Iteration 24 exploitability 0.11933647336045339
Iteration 25 exploitability 0.11363035225821597
Iteration 26 exploitability 0.11322580150997047
Iteration 27 exploitability 0.11420931654148717
Iteration 28 exploitability 0.11342371060592821
Iteration 29 exploitability 0.11079408957042754
Iteration 30 exploitability 0.11073915962098575
Iteration 31 exploitability 0.11167955122098598
Iteration 32 exploitability 0.11028763907419924
Iteration 33 exploitability 0.10832026004214686
Iteration 34 exploitability 0.10528145591070773
Iteration 35 exploitability 0.10356333348923269
Iteration 36 exploitability 0.10322564401737294
Iteration 37 exploitability 0.10142958963415075
Iteration 38 exploitability 0.10015136382911867
Iteration 39 exploitability 0.10027466863370765
Iteration 40 exploitability 0.1012938809858688
Iteration 41 exploitability 0.10173547755748606
Iteration 42 exploitability 0.10162314568085645
Iteration 43 exploitability 0.10074477313237967
Iteration 44 exploitability 0.1007102921948651
Iteration 45 exploitability 0.09953930034632237
Iteration 46 exploitability 0.0981912146630538
Iteration 47 exploitability 0.09765089071384207
Iteration 48 exploitability 0.09771480513510042
Iteration 49 exploitability 0.09746201236877977
Iteration 50 exploitability 0.0963406096485668
Iteration 51 exploitability 0.095216330729037
Iteration 52 exploitability 0.0952932354272906
Iteration 53 exploitability 0.09579760198280508
Iteration 54 exploitability 0.09573303347658094
Iteration 55 exploitability 0.09529183173063013
Iteration 56 exploitability 0.09530298358704199
Iteration 57 exploitability 0.09575272876945197
Iteration 58 exploitability 0.09575734363013451
Iteration 59 exploitability 0.09478096366380184
Iteration 60 exploitability 0.09456365876189099
Iteration 61 exploitability 0.09383032932678154
Iteration 62 exploitability 0.0938847972171505
Iteration 63 exploitability 0.09391590082209078
Iteration 64 exploitability 0.09298933593656741
Iteration 65 exploitability 0.09268573843600537
Iteration 66 exploitability 0.09297298709411396
Iteration 67 exploitability 0.09381655651871351
Iteration 68 exploitability 0.093955960187961
Iteration 69 exploitability 0.0932671774711798
Iteration 70 exploitability 0.09300598648042858
Iteration 71 exploitability 0.09309032437904768
Iteration 72 exploitability 0.09337080147029667
Iteration 73 exploitability 0.09279120085422873
Iteration 74 exploitability 0.09248525995450395
Iteration 75 exploitability 0.09232471836510894
Iteration 76 exploitability 0.0924728792241744
Iteration 77 exploitability 0.09192064057875728
Iteration 78 exploitability 0.09200237509773065
Iteration 79 exploitability 0.09180162606540605
Iteration 80 exploitability 0.09166114137980043
Iteration 81 exploitability 0.09194395778479944
Iteration 82 exploitability 0.09213318839536108
Iteration 83 exploitability 0.09203599391724859
Iteration 84 exploitability 0.09184333833500238
Iteration 85 exploitability 0.09185157587595655
Iteration 86 exploitability 0.0922058557376827
Iteration 87 exploitability 0.0922295157397269
Iteration 88 exploitability 0.09208625220760148
Iteration 89 exploitability 0.09193414996360075
Iteration 90 exploitability 0.09157261597772547
Iteration 91 exploitability 0.09120568449682152
Iteration 92 exploitability 0.09101896788130931
Iteration 93 exploitability 0.09085971705044474
Iteration 94 exploitability 0.0907286010622164
Iteration 95 exploitability 0.09079270679343157
Iteration 96 exploitability 0.09124021947112888
Iteration 97 exploitability 0.09150560382339126
Iteration 98 exploitability 0.09153217920088692
Iteration 99 exploitability 0.09133196916541722
Iteration 100 exploitability 0.09127747660461012
Iteration 101 exploitability 0.09123923433259681
Iteration 102 exploitability 0.09094941338239171
Iteration 103 exploitability 0.09093526841519245
Iteration 104 exploitability 0.09110704059687226
Iteration 105 exploitability 0.09081975194662142
Iteration 106 exploitability 0.0908624876635969
Iteration 107 exploitability 0.09080449279616658
Iteration 108 exploitability 0.0905345983084764
Iteration 109 exploitability 0.09041426848575887
Iteration 110 exploitability 0.09031263241404225
Iteration 111 exploitability 0.09042882946951486
Iteration 112 exploitability 0.09036764046693213
Iteration 113 exploitability 0.09050246326507329
Iteration 114 exploitability 0.09072415052138251
Iteration 115 exploitability 0.09066511000176677
Iteration 116 exploitability 0.09058958850589596
Iteration 117 exploitability 0.0907380937367678
Iteration 118 exploitability 0.09071195219865998
Iteration 119 exploitability 0.09065123235972751
Iteration 120 exploitability 0.09054864402419835
Iteration 121 exploitability 0.09054720742746951
Iteration 122 exploitability 0.09061949616497188
Iteration 123 exploitability 0.09057863455494083
Iteration 124 exploitability 0.09031954704548448
Iteration 125 exploitability 0.09035136251198991
Iteration 126 exploitability 0.09049755762234851
Iteration 127 exploitability 0.09046927724415905
Iteration 128 exploitability 0.09022710020301189
Iteration 129 exploitability 0.0902036916956365
Iteration 130 exploitability 0.09018884785458946
Iteration 131 exploitability 0.08999132212336722
Iteration 132 exploitability 0.09005260023760465
Iteration 133 exploitability 0.09043026981747623
Iteration 134 exploitability 0.09073705475013617
Iteration 135 exploitability 0.09049202449872273
Iteration 136 exploitability 0.09046341312632968
Iteration 137 exploitability 0.0904659641878655
Iteration 138 exploitability 0.09037284788139834
Iteration 139 exploitability 0.0901204367699625
Iteration 140 exploitability 0.09010357485401302
Iteration 141 exploitability 0.09016102333501175
Iteration 142 exploitability 0.090198959640689
Iteration 143 exploitability 0.09023774301356266
Iteration 144 exploitability 0.09046246638958982
Iteration 145 exploitability 0.09042847637210959
Iteration 146 exploitability 0.09023902894303806
Iteration 147 exploitability 0.09023982877568308
Iteration 148 exploitability 0.0900310581581491
Iteration 149 exploitability 0.08990578426480252
Iteration 150 exploitability 0.09006364299503261
Iteration 151 exploitability 0.09003625079911731
Iteration 152 exploitability 0.09004996446417642
Iteration 153 exploitability 0.09002109328424916
Iteration 154 exploitability 0.09008718722265294
Iteration 155 exploitability 0.09014839042352074
Iteration 156 exploitability 0.09001632667829262
Iteration 157 exploitability 0.09010987228766071
Iteration 158 exploitability 0.09025370256853633
Iteration 159 exploitability 0.09021392576467355
Iteration 160 exploitability 0.09014349042774775
Iteration 161 exploitability 0.09007137496309722
Iteration 162 exploitability 0.08994008419436433
Iteration 163 exploitability 0.08984112716187682
Iteration 164 exploitability 0.08997343925681127
Iteration 165 exploitability 0.0900063902123079
Iteration 166 exploitability 0.08976690730819394
Iteration 167 exploitability 0.08985667090178504
Iteration 168 exploitability 0.08993835963974295
Iteration 169 exploitability 0.08992149759734526
Iteration 170 exploitability 0.09001320806902843
Iteration 171 exploitability 0.0900369823507989
Iteration 172 exploitability 0.08987383820577932
Iteration 173 exploitability 0.08971748347549312
Iteration 174 exploitability 0.08986462564289477
Iteration 175 exploitability 0.09001179139279539
Iteration 176 exploitability 0.09001746303766883
Iteration 177 exploitability 0.08988178787538294
Iteration 178 exploitability 0.089713473696126
Iteration 179 exploitability 0.08968815580777219
Iteration 180 exploitability 0.08977396357689747
Iteration 181 exploitability 0.08972162539388856
Iteration 182 exploitability 0.08977120707828234
Iteration 183 exploitability 0.08975026947668414
Iteration 184 exploitability 0.08978657223342838
Iteration 185 exploitability 0.08996588959123132
Iteration 186 exploitability 0.09003553267101655
Iteration 187 exploitability 0.08989068703343703
Iteration 188 exploitability 0.08980247676915337
Iteration 189 exploitability 0.08966690633378671
Iteration 190 exploitability 0.08957117630838136
Iteration 191 exploitability 0.08958412004419579
Iteration 192 exploitability 0.08964984778854514
Iteration 193 exploitability 0.0896761180241384
Iteration 194 exploitability 0.0896690056776569
Iteration 195 exploitability 0.08968304554489709
Iteration 196 exploitability 0.08974663598883453
Iteration 197 exploitability 0.08977408674438432
Iteration 198 exploitability 0.08976140217718176
Iteration 199 exploitability 0.08969027419715825
Iteration 200 exploitability 0.08960141324508669
Iteration 201 exploitability 0.08969561819102326
Iteration 202 exploitability 0.08980669725248025
Iteration 203 exploitability 0.0897991578606867
Iteration 204 exploitability 0.08978175586768919
Iteration 205 exploitability 0.08982861560968426
Iteration 206 exploitability 0.08981186084171335
Iteration 207 exploitability 0.08980391577587409
Iteration 208 exploitability 0.08969664027211913
Iteration 209 exploitability 0.08965007930341318
Iteration 210 exploitability 0.08950378311028369
Iteration 211 exploitability 0.08940065973262373
Iteration 212 exploitability 0.08949234416032861
Iteration 213 exploitability 0.08961799017742796
Iteration 214 exploitability 0.08962437654153589
Iteration 215 exploitability 0.0895874538899804
Iteration 216 exploitability 0.08965821508451745
Iteration 217 exploitability 0.08969539316073397
