Iteration 0 exploitability 0.7274305555555556
Iteration 1 exploitability 0.6389281216802778
Iteration 2 exploitability 0.5138447405280239
Iteration 3 exploitability 0.4008731714265058
Iteration 4 exploitability 0.35854760285824205
Iteration 5 exploitability 0.2948670933949155
Iteration 6 exploitability 0.23735686197123615
Iteration 7 exploitability 0.1821654775827215
Iteration 8 exploitability 0.16995186397898804
Iteration 9 exploitability 0.15753751221102524
Iteration 10 exploitability 0.13055758588608674
Iteration 11 exploitability 0.10528562154973686
Iteration 12 exploitability 0.09285682032967263
Iteration 13 exploitability 0.07774130562472843
Iteration 14 exploitability 0.06673718452834265
Iteration 15 exploitability 0.06604448333041613
Iteration 16 exploitability 0.06222287245488908
Iteration 17 exploitability 0.05272173153972609
Iteration 18 exploitability 0.04679597006025367
Iteration 19 exploitability 0.048405284203921484
Iteration 20 exploitability 0.04364035976102713
Iteration 21 exploitability 0.03447062666846791
Iteration 22 exploitability 0.029284147720773663
Iteration 23 exploitability 0.030306367658915798
Iteration 24 exploitability 0.02827575591339787
Iteration 25 exploitability 0.02460630735933026
Iteration 26 exploitability 0.022131768240382873
Iteration 27 exploitability 0.024070805929249057
Iteration 28 exploitability 0.0241663446558679
Iteration 29 exploitability 0.021560367835761766
Iteration 30 exploitability 0.0179609271930131
Iteration 31 exploitability 0.01474846453260224
Iteration 32 exploitability 0.01589115176780738
Iteration 33 exploitability 0.0167578177899951
Iteration 34 exploitability 0.015962947945593015
Iteration 35 exploitability 0.014524758126742362
Iteration 36 exploitability 0.01430236048633382
Iteration 37 exploitability 0.01520479433198475
Iteration 38 exploitability 0.014455315353374808
Iteration 39 exploitability 0.012902133707743945
Iteration 40 exploitability 0.012564506946570929
Iteration 41 exploitability 0.011561157083289537
Iteration 42 exploitability 0.011582317189520158
Iteration 43 exploitability 0.01039376278101274
Iteration 44 exploitability 0.009751948859272743
Iteration 45 exploitability 0.011056972579811433
Iteration 46 exploitability 0.010904301670840711
Iteration 47 exploitability 0.011068683452634235
Iteration 48 exploitability 0.011044665374140467
Iteration 49 exploitability 0.009139918165431544
Iteration 50 exploitability 0.008100455144007083
Iteration 51 exploitability 0.007998081043108219
Iteration 52 exploitability 0.008353057378561173
Iteration 53 exploitability 0.008543540659891099
Iteration 54 exploitability 0.008386526876218194
Iteration 55 exploitability 0.007766083797326813
Iteration 56 exploitability 0.006634482914773941
Iteration 57 exploitability 0.0073445034707162815
Iteration 58 exploitability 0.0073599023467582365
Iteration 59 exploitability 0.007360214374276922
Iteration 60 exploitability 0.006454791341039834
Iteration 61 exploitability 0.005956568343618436
Iteration 62 exploitability 0.005810210312627543
Iteration 63 exploitability 0.0061129555110300045
Iteration 64 exploitability 0.0064262594484306955
Iteration 65 exploitability 0.006225432417857689
Iteration 66 exploitability 0.0058758918077630624
Iteration 67 exploitability 0.006314552701843256
Iteration 68 exploitability 0.005983092043441235
Iteration 69 exploitability 0.005811604908597321
Iteration 70 exploitability 0.005712512451294357
Iteration 71 exploitability 0.005650758699047319
Iteration 72 exploitability 0.005233614945936336
Iteration 73 exploitability 0.004749647907123046
Iteration 74 exploitability 0.005177921619889754
Iteration 75 exploitability 0.005113217312694349
Iteration 76 exploitability 0.0045649729791753324
Iteration 77 exploitability 0.004959511954637384
Iteration 78 exploitability 0.004894193615313675
Iteration 79 exploitability 0.004909324189843205
Iteration 80 exploitability 0.0047303178976549586
Iteration 81 exploitability 0.004318070445783871
Iteration 82 exploitability 0.004320373477483758
Iteration 83 exploitability 0.004438355427095752
Iteration 84 exploitability 0.0045451094959288426
Iteration 85 exploitability 0.004559847819530924
Iteration 86 exploitability 0.0043563333937096495
Iteration 87 exploitability 0.004029162913255243
Iteration 88 exploitability 0.003975361983519115
Iteration 89 exploitability 0.003919228648552962
Iteration 90 exploitability 0.003984424764078538
Iteration 91 exploitability 0.0037367919614135787
Iteration 92 exploitability 0.0032660376111564972
Iteration 93 exploitability 0.0034788198000001254
Iteration 94 exploitability 0.0038624069563175925
Iteration 95 exploitability 0.004176345129687583
Iteration 96 exploitability 0.004119842569994545
Iteration 97 exploitability 0.0035725777672781425
Iteration 98 exploitability 0.003473451275210591
Iteration 99 exploitability 0.0035925215572084786
Iteration 100 exploitability 0.003589234981336606
Iteration 101 exploitability 0.0038681010948722816
Iteration 102 exploitability 0.00380940789033974
Iteration 103 exploitability 0.0036003736972480835
Iteration 104 exploitability 0.003568318011256502
Iteration 105 exploitability 0.003332995226580879
Iteration 106 exploitability 0.0032109076173354612
Iteration 107 exploitability 0.0032318440123589144
Iteration 108 exploitability 0.0030889646401626118
Iteration 109 exploitability 0.003328397062163581
Iteration 110 exploitability 0.0033014392331470726
Iteration 111 exploitability 0.0028950580121278246
Iteration 112 exploitability 0.003061117091049924
Iteration 113 exploitability 0.0030060094221935193
Iteration 114 exploitability 0.0027102149966831265
Iteration 115 exploitability 0.002837311006161407
Iteration 116 exploitability 0.0032483098785833237
Iteration 117 exploitability 0.003274391517530898
Iteration 118 exploitability 0.0031692073459286298
Iteration 119 exploitability 0.0029873396272694147
Iteration 120 exploitability 0.0031062686257731145
Iteration 121 exploitability 0.0030917826661998058
Iteration 122 exploitability 0.0029055667034996605
Iteration 123 exploitability 0.0029073866352335425
Iteration 124 exploitability 0.0029332290400349067
Iteration 125 exploitability 0.002638465452681451
Iteration 126 exploitability 0.0026125505317372358
Iteration 127 exploitability 0.002482852049118949
Iteration 128 exploitability 0.002691319860408975
Iteration 129 exploitability 0.0027238232140774955
Iteration 130 exploitability 0.0025409050875406305
Iteration 131 exploitability 0.002254284522108029
Iteration 132 exploitability 0.002195110761174979
Iteration 133 exploitability 0.002235131450839033
Iteration 134 exploitability 0.002712986434982843
Iteration 135 exploitability 0.0027806049111012247
Iteration 136 exploitability 0.0027976417098560004
Iteration 137 exploitability 0.002708210060836931
Iteration 138 exploitability 0.0026879303120274263
Iteration 139 exploitability 0.002603479029265817
Iteration 140 exploitability 0.0025258086662497264
Iteration 141 exploitability 0.002535617985195337
Iteration 142 exploitability 0.0022995383575941802
Iteration 143 exploitability 0.0021371067095768484
Iteration 144 exploitability 0.0019422556054954953
Iteration 145 exploitability 0.001928238129115651
Iteration 146 exploitability 0.0021529037848390855
Iteration 147 exploitability 0.0022437458345538116
Iteration 148 exploitability 0.002104409696775572
Iteration 149 exploitability 0.002080597893869587
Iteration 150 exploitability 0.002207836397649236
Iteration 151 exploitability 0.0023521484696348615
Iteration 152 exploitability 0.0025662157785212945
Iteration 153 exploitability 0.00252400926218593
Iteration 154 exploitability 0.0023493740810121254
Iteration 155 exploitability 0.002361545983384141
Iteration 156 exploitability 0.002165881051297238
Iteration 157 exploitability 0.0021289043128990184
Iteration 158 exploitability 0.0020549596053231122
Iteration 159 exploitability 0.0020857914819724602
Iteration 160 exploitability 0.0020660491316890116
Iteration 161 exploitability 0.00199048074906091
Iteration 162 exploitability 0.002130328095247193
Iteration 163 exploitability 0.0021265907415563418
Iteration 164 exploitability 0.002092506973047601
Iteration 165 exploitability 0.0021295881723595346
Iteration 166 exploitability 0.0021785917649692066
Iteration 167 exploitability 0.0020640510747876213
Iteration 168 exploitability 0.0019642168565573714
Iteration 169 exploitability 0.0020061583108837424
Iteration 170 exploitability 0.002054783451758209
Iteration 171 exploitability 0.001964457836175642
Iteration 172 exploitability 0.001814577140189606
Iteration 173 exploitability 0.001883003544961453
Iteration 174 exploitability 0.0020426145989859553
Iteration 175 exploitability 0.002121765338554145
Iteration 176 exploitability 0.002071503954774641
Iteration 177 exploitability 0.001978939063729465
Iteration 178 exploitability 0.0017980744400895345
Iteration 179 exploitability 0.0017246697313265643
Iteration 180 exploitability 0.0018738880617767805
Iteration 181 exploitability 0.002021592058370227
Iteration 182 exploitability 0.0020762829710373716
Iteration 183 exploitability 0.0020692362368176813
Iteration 184 exploitability 0.0018292344030981502
Iteration 185 exploitability 0.0017032935528146272
Iteration 186 exploitability 0.0018144810415874207
Iteration 187 exploitability 0.0017568522737969345
Iteration 188 exploitability 0.0017666114612446566
Iteration 189 exploitability 0.0018178925930019286
Iteration 190 exploitability 0.0017805932786398946
Iteration 191 exploitability 0.001645037452467869
Iteration 192 exploitability 0.0017843629930022137
Iteration 193 exploitability 0.001873507069353326
