Iteration 0 exploitability 0.7465277777777778
Iteration 1 exploitability 0.6632690606268398
Iteration 2 exploitability 0.5498384824043758
Iteration 3 exploitability 0.4646006910806715
Iteration 4 exploitability 0.3877082979970339
Iteration 5 exploitability 0.3261569601357985
Iteration 6 exploitability 0.2743209773316323
Iteration 7 exploitability 0.2436328075034581
Iteration 8 exploitability 0.2264219457410077
Iteration 9 exploitability 0.20521594151144212
Iteration 10 exploitability 0.1897724725380303
Iteration 11 exploitability 0.17827035646814507
Iteration 12 exploitability 0.16606016378894767
Iteration 13 exploitability 0.15749436105623926
Iteration 14 exploitability 0.15357320257398863
Iteration 15 exploitability 0.14732859621101588
Iteration 16 exploitability 0.1436018287604574
Iteration 17 exploitability 0.14372201179621324
Iteration 18 exploitability 0.14335966527085822
Iteration 19 exploitability 0.13894725339254838
Iteration 20 exploitability 0.13314467930935114
Iteration 21 exploitability 0.13113308315019115
Iteration 22 exploitability 0.130848430931634
Iteration 23 exploitability 0.1300708657070643
Iteration 24 exploitability 0.1291154935689168
Iteration 25 exploitability 0.12723715684029574
Iteration 26 exploitability 0.12655366524230013
Iteration 27 exploitability 0.12695204750985337
Iteration 28 exploitability 0.12781537610691665
Iteration 29 exploitability 0.12796271963605943
Iteration 30 exploitability 0.12607291965313638
Iteration 31 exploitability 0.12373167755480018
Iteration 32 exploitability 0.12148164314355957
Iteration 33 exploitability 0.12050741215670871
Iteration 34 exploitability 0.1208073715589317
Iteration 35 exploitability 0.12311768581712074
Iteration 36 exploitability 0.1239591442250895
Iteration 37 exploitability 0.12383212191697962
Iteration 38 exploitability 0.1233819484516483
Iteration 39 exploitability 0.1215285344738766
Iteration 40 exploitability 0.12100088554475176
Iteration 41 exploitability 0.12184836184161317
Iteration 42 exploitability 0.12184420766207044
Iteration 43 exploitability 0.1204049781478534
Iteration 44 exploitability 0.12011056279898316
Iteration 45 exploitability 0.11909749578059928
Iteration 46 exploitability 0.11861409255202915
Iteration 47 exploitability 0.11870584190883049
Iteration 48 exploitability 0.12020215774619812
Iteration 49 exploitability 0.12035547562977761
Iteration 50 exploitability 0.12023509799387742
Iteration 51 exploitability 0.11968567693281722
Iteration 52 exploitability 0.11929608311593687
Iteration 53 exploitability 0.1183532257832753
Iteration 54 exploitability 0.1171893228619499
Iteration 55 exploitability 0.11737680845763397
Iteration 56 exploitability 0.1184740399739408
Iteration 57 exploitability 0.11902791043726331
Iteration 58 exploitability 0.1194063170715244
Iteration 59 exploitability 0.11886021427337236
Iteration 60 exploitability 0.11780075548324247
Iteration 61 exploitability 0.11697272428633908
Iteration 62 exploitability 0.11731199665246456
Iteration 63 exploitability 0.11795611260527426
Iteration 64 exploitability 0.11850304031651236
Iteration 65 exploitability 0.11853776566078693
Iteration 66 exploitability 0.11815250070978825
Iteration 67 exploitability 0.11744599949878576
Iteration 68 exploitability 0.11762547533320539
Iteration 69 exploitability 0.11755396606447137
Iteration 70 exploitability 0.11739177640840703
Iteration 71 exploitability 0.11734604328018718
Iteration 72 exploitability 0.11730969980535187
Iteration 73 exploitability 0.11736334458542708
Iteration 74 exploitability 0.11702092246168681
Iteration 75 exploitability 0.11693053441898447
Iteration 76 exploitability 0.11700140920691471
Iteration 77 exploitability 0.11686682343120505
Iteration 78 exploitability 0.11711715200177367
Iteration 79 exploitability 0.1173624190990913
Iteration 80 exploitability 0.11709648923237542
Iteration 81 exploitability 0.1173847913341693
Iteration 82 exploitability 0.11728313488375094
Iteration 83 exploitability 0.1170906813372279
Iteration 84 exploitability 0.11701279290787164
Iteration 85 exploitability 0.11692421463281909
Iteration 86 exploitability 0.11680849444651867
Iteration 87 exploitability 0.11655792752609338
Iteration 88 exploitability 0.11655189693750923
Iteration 89 exploitability 0.11683590964196174
Iteration 90 exploitability 0.11709553339633597
Iteration 91 exploitability 0.11712172174834015
Iteration 92 exploitability 0.1169672349145378
Iteration 93 exploitability 0.11707097873072414
Iteration 94 exploitability 0.11716250669237174
Iteration 95 exploitability 0.11701999637814088
Iteration 96 exploitability 0.11675386001951578
Iteration 97 exploitability 0.11679677384840824
Iteration 98 exploitability 0.11674502522274965
Iteration 99 exploitability 0.11653592039756404
Iteration 100 exploitability 0.11640218580643481
Iteration 101 exploitability 0.11650683683907449
Iteration 102 exploitability 0.11684698579314008
Iteration 103 exploitability 0.11703125798126383
Iteration 104 exploitability 0.11714158451164194
Iteration 105 exploitability 0.1169500332556459
Iteration 106 exploitability 0.11651694976367614
Iteration 107 exploitability 0.11634193009350509
Iteration 108 exploitability 0.11628039354783028
Iteration 109 exploitability 0.11632799078240226
Iteration 110 exploitability 0.11669046124174835
Iteration 111 exploitability 0.11701814761526816
Iteration 112 exploitability 0.11695050309495746
Iteration 113 exploitability 0.1169646598269286
Iteration 114 exploitability 0.1168387741330069
Iteration 115 exploitability 0.11663027512862933
Iteration 116 exploitability 0.11655291581970625
Iteration 117 exploitability 0.11657559791411853
Iteration 118 exploitability 0.11651801262471978
Iteration 119 exploitability 0.11653041776171105
Iteration 120 exploitability 0.1164391970074237
Iteration 121 exploitability 0.11641128987529784
Iteration 122 exploitability 0.11632468398326147
Iteration 123 exploitability 0.11630947450866627
Iteration 124 exploitability 0.11664696628746325
Iteration 125 exploitability 0.11698941361946061
Iteration 126 exploitability 0.1171025010968058
Iteration 127 exploitability 0.1169542163637928
Iteration 128 exploitability 0.1165860540917931
Iteration 129 exploitability 0.11617826262162038
Iteration 130 exploitability 0.11594799608196237
Iteration 131 exploitability 0.11602453226207107
Iteration 132 exploitability 0.11643508530006398
Iteration 133 exploitability 0.11675474193620547
Iteration 134 exploitability 0.11690367375237887
Iteration 135 exploitability 0.11692481577531227
Iteration 136 exploitability 0.1167355077943566
Iteration 137 exploitability 0.11652500334386989
Iteration 138 exploitability 0.11643607240002748
Iteration 139 exploitability 0.11640779304331349
Iteration 140 exploitability 0.11638199494174747
Iteration 141 exploitability 0.11635522482859054
Iteration 142 exploitability 0.11662081455878259
Iteration 143 exploitability 0.11672201207200474
Iteration 144 exploitability 0.11670811371795325
Iteration 145 exploitability 0.11651912168725197
Iteration 146 exploitability 0.11646182339612746
Iteration 147 exploitability 0.11640430951126991
Iteration 148 exploitability 0.11650591684993444
Iteration 149 exploitability 0.11652189538602048
Iteration 150 exploitability 0.1165201274114225
Iteration 151 exploitability 0.11637848942873533
Iteration 152 exploitability 0.11625854248577269
Iteration 153 exploitability 0.11621009927772655
Iteration 154 exploitability 0.11634879537675684
Iteration 155 exploitability 0.1163916838511304
Iteration 156 exploitability 0.11633176571163742
Iteration 157 exploitability 0.11637835499835406
Iteration 158 exploitability 0.11656448190126742
Iteration 159 exploitability 0.11653629883974571
Iteration 160 exploitability 0.11639233197631951
Iteration 161 exploitability 0.11642523502147191
Iteration 162 exploitability 0.11646333723754888
Iteration 163 exploitability 0.11649981364622967
Iteration 164 exploitability 0.11646625002920737
Iteration 165 exploitability 0.11634191492726505
Iteration 166 exploitability 0.11625613008985841
Iteration 167 exploitability 0.11613568691842469
Iteration 168 exploitability 0.11614486060935399
Iteration 169 exploitability 0.11613859001588732
Iteration 170 exploitability 0.11615648077366211
Iteration 171 exploitability 0.11641426735589912
Iteration 172 exploitability 0.11654122379194713
Iteration 173 exploitability 0.11652797931276156
Iteration 174 exploitability 0.1164252422252226
Iteration 175 exploitability 0.11633397064106038
Iteration 176 exploitability 0.11615761650818271
Iteration 177 exploitability 0.11604659414812248
Iteration 178 exploitability 0.11607051384211643
Iteration 179 exploitability 0.1161410771802459
Iteration 180 exploitability 0.11640640798690505
Iteration 181 exploitability 0.116543630425564
Iteration 182 exploitability 0.11651827839808696
Iteration 183 exploitability 0.11637475314188285
Iteration 184 exploitability 0.11631531997938377
Iteration 185 exploitability 0.11627700197059378
Iteration 186 exploitability 0.11621302831696387
Iteration 187 exploitability 0.11614266699025007
Iteration 188 exploitability 0.11622801696423474
Iteration 189 exploitability 0.11623374208918931
Iteration 190 exploitability 0.11623376476192063
Iteration 191 exploitability 0.11620425441280892
Iteration 192 exploitability 0.116213010635593
Iteration 193 exploitability 0.11618550419296138
Iteration 194 exploitability 0.11623116608138712
Iteration 195 exploitability 0.11620383668566875
Iteration 196 exploitability 0.11613646219356485
Iteration 197 exploitability 0.11617756410568669
Iteration 198 exploitability 0.11632755638513863
Iteration 199 exploitability 0.11636241182145236
Iteration 200 exploitability 0.11624913276483373
Iteration 201 exploitability 0.11619334525426643
Iteration 202 exploitability 0.11615103954651937
Iteration 203 exploitability 0.11616046212763444
Iteration 204 exploitability 0.11614198387603875
Iteration 205 exploitability 0.11613952157912089
Iteration 206 exploitability 0.11614600646470635
Iteration 207 exploitability 0.1161329768110685
Iteration 208 exploitability 0.11619127699918463
Iteration 209 exploitability 0.11627123768039874
Iteration 210 exploitability 0.11629294890184257
Iteration 211 exploitability 0.1162944854440314
Iteration 212 exploitability 0.11632588308975436
Iteration 213 exploitability 0.11627922621598187
Iteration 214 exploitability 0.11614750674759818
Iteration 215 exploitability 0.11603808390458245
Iteration 216 exploitability 0.11599889572264105
Iteration 217 exploitability 0.11605293089814984
Iteration 218 exploitability 0.11615991791967546
Iteration 219 exploitability 0.11626184518651769
Iteration 220 exploitability 0.1163244245936766
Iteration 221 exploitability 0.1161922989447665
Iteration 222 exploitability 0.11606252274229528
Iteration 223 exploitability 0.116023871776163
