Iteration 0 exploitability 0.7274305555555556
Iteration 1 exploitability 0.6918993424342532
Iteration 2 exploitability 0.5547870793208414
Iteration 3 exploitability 0.5218955329816716
Iteration 4 exploitability 0.45193776509817485
Iteration 5 exploitability 0.3660265332802314
Iteration 6 exploitability 0.28873802967179407
Iteration 7 exploitability 0.23820221277990147
Iteration 8 exploitability 0.2239365936092999
Iteration 9 exploitability 0.21489596404272393
Iteration 10 exploitability 0.193491490542046
Iteration 11 exploitability 0.17477577662460392
Iteration 12 exploitability 0.15512829417568363
Iteration 13 exploitability 0.144488620218468
Iteration 14 exploitability 0.1443908942916665
Iteration 15 exploitability 0.14158737722381282
Iteration 16 exploitability 0.1347047553820817
Iteration 17 exploitability 0.12777756278049246
Iteration 18 exploitability 0.12735560370762325
Iteration 19 exploitability 0.12019477030704838
Iteration 20 exploitability 0.12398776362963292
Iteration 21 exploitability 0.12579882149913113
Iteration 22 exploitability 0.12646506839772975
Iteration 23 exploitability 0.12194534018103684
Iteration 24 exploitability 0.11685268622749242
Iteration 25 exploitability 0.11554782282749129
Iteration 26 exploitability 0.11616900068721464
Iteration 27 exploitability 0.11422838838592868
Iteration 28 exploitability 0.11026247729665503
Iteration 29 exploitability 0.10729403476028751
Iteration 30 exploitability 0.1075088726583533
Iteration 31 exploitability 0.10547160013274282
Iteration 32 exploitability 0.10306205145253167
Iteration 33 exploitability 0.10066630220002042
Iteration 34 exploitability 0.10155748912154205
Iteration 35 exploitability 0.10092956900044384
Iteration 36 exploitability 0.10076121561735035
Iteration 37 exploitability 0.10171438767930159
Iteration 38 exploitability 0.10460294679229483
Iteration 39 exploitability 0.10346818619438503
Iteration 40 exploitability 0.10340774115709082
Iteration 41 exploitability 0.10334955338482782
Iteration 42 exploitability 0.10303581913760403
Iteration 43 exploitability 0.09998613172227505
Iteration 44 exploitability 0.09972877200895709
Iteration 45 exploitability 0.09891221082201203
Iteration 46 exploitability 0.09801384371296655
Iteration 47 exploitability 0.09784045202399716
Iteration 48 exploitability 0.10081132417826322
Iteration 49 exploitability 0.10100817298430297
Iteration 50 exploitability 0.10078396229719218
Iteration 51 exploitability 0.10018060890437332
Iteration 52 exploitability 0.10025993890003414
Iteration 53 exploitability 0.09953293501693239
Iteration 54 exploitability 0.0991774153927324
Iteration 55 exploitability 0.0971312197724246
Iteration 56 exploitability 0.09682661670825124
Iteration 57 exploitability 0.09898059722084337
Iteration 58 exploitability 0.09844966904123577
Iteration 59 exploitability 0.09755996919516946
Iteration 60 exploitability 0.09705978700385248
Iteration 61 exploitability 0.09729339352507137
Iteration 62 exploitability 0.09783309135846117
Iteration 63 exploitability 0.09756578895611512
Iteration 64 exploitability 0.09743402502448875
Iteration 65 exploitability 0.09555512207002953
Iteration 66 exploitability 0.09768070698789463
Iteration 67 exploitability 0.09687092593780229
Iteration 68 exploitability 0.09620302676704952
Iteration 69 exploitability 0.09614041676736744
Iteration 70 exploitability 0.09646277573455345
Iteration 71 exploitability 0.09657886448427394
Iteration 72 exploitability 0.09674750239278058
Iteration 73 exploitability 0.09651476376356131
Iteration 74 exploitability 0.09639794095233495
Iteration 75 exploitability 0.09606029350726261
Iteration 76 exploitability 0.09559795755233674
Iteration 77 exploitability 0.09586174986970902
Iteration 78 exploitability 0.09573791534987845
Iteration 79 exploitability 0.09346776191395044
Iteration 80 exploitability 0.09361988061213497
Iteration 81 exploitability 0.09577649992823724
Iteration 82 exploitability 0.09566706869699079
Iteration 83 exploitability 0.0956830456718141
Iteration 84 exploitability 0.09569839074387189
Iteration 85 exploitability 0.09561510535464789
Iteration 86 exploitability 0.09541051849016077
Iteration 87 exploitability 0.0933985549208817
Iteration 88 exploitability 0.09356148895265529
Iteration 89 exploitability 0.09359073465928047
Iteration 90 exploitability 0.09320840571642064
Iteration 91 exploitability 0.09477830085861025
Iteration 92 exploitability 0.09477118305214295
Iteration 93 exploitability 0.09522123598037376
Iteration 94 exploitability 0.09507275916331683
Iteration 95 exploitability 0.09528886031805184
Iteration 96 exploitability 0.09541372958066005
Iteration 97 exploitability 0.09539207871646699
Iteration 98 exploitability 0.0930007586984816
Iteration 99 exploitability 0.09450030975930623
Iteration 100 exploitability 0.09443536638659103
Iteration 101 exploitability 0.09448808765216427
Iteration 102 exploitability 0.09452039808372235
Iteration 103 exploitability 0.09470650476684722
Iteration 104 exploitability 0.09491069708158413
Iteration 105 exploitability 0.09495173746247049
Iteration 106 exploitability 0.0948026491682428
Iteration 107 exploitability 0.09466032587898396
Iteration 108 exploitability 0.09442263901956004
Iteration 109 exploitability 0.09426800186484767
Iteration 110 exploitability 0.094251590793694
Iteration 111 exploitability 0.09246724203584808
Iteration 112 exploitability 0.09283823744115703
Iteration 113 exploitability 0.09276266710764461
Iteration 114 exploitability 0.09232540754885664
Iteration 115 exploitability 0.09394776595716596
Iteration 116 exploitability 0.09382165653119075
Iteration 117 exploitability 0.09402289910345542
Iteration 118 exploitability 0.09413165160163944
Iteration 119 exploitability 0.09422903722622604
Iteration 120 exploitability 0.09447223198266075
Iteration 121 exploitability 0.09254525803994959
Iteration 122 exploitability 0.09247358491955042
Iteration 123 exploitability 0.09225418278554465
Iteration 124 exploitability 0.09196170046226518
Iteration 125 exploitability 0.09380706036371499
Iteration 126 exploitability 0.09384309495552848
Iteration 127 exploitability 0.0939697491110471
Iteration 128 exploitability 0.09411168023980769
Iteration 129 exploitability 0.0942733530940558
Iteration 130 exploitability 0.09439036039528288
Iteration 131 exploitability 0.09423626671592392
Iteration 132 exploitability 0.09418255459870897
Iteration 133 exploitability 0.09400405285105601
Iteration 134 exploitability 0.09181567869402926
Iteration 135 exploitability 0.09174112719484066
Iteration 136 exploitability 0.0916400344829296
Iteration 137 exploitability 0.09195865240765104
Iteration 138 exploitability 0.09209338025970576
Iteration 139 exploitability 0.09391106825621984
Iteration 140 exploitability 0.09387161225894931
Iteration 141 exploitability 0.09387123337513427
Iteration 142 exploitability 0.0938207654934223
Iteration 143 exploitability 0.09174304173965749
Iteration 144 exploitability 0.09176530488500216
Iteration 145 exploitability 0.09179390868218938
Iteration 146 exploitability 0.09391118390756757
Iteration 147 exploitability 0.09396749380526714
Iteration 148 exploitability 0.0939583505687418
Iteration 149 exploitability 0.09372533721270922
Iteration 150 exploitability 0.09337599611299609
Iteration 151 exploitability 0.09329286237779537
Iteration 152 exploitability 0.09333981533106227
Iteration 153 exploitability 0.09356757739101582
Iteration 154 exploitability 0.09368024280928522
Iteration 155 exploitability 0.09365537705904396
Iteration 156 exploitability 0.09369884623526349
Iteration 157 exploitability 0.09180878273457126
Iteration 158 exploitability 0.09189152522829737
Iteration 159 exploitability 0.09189658525841943
Iteration 160 exploitability 0.09370183976309844
Iteration 161 exploitability 0.09342740294006793
Iteration 162 exploitability 0.0932992945802058
Iteration 163 exploitability 0.09325198259535894
Iteration 164 exploitability 0.09353156452189709
Iteration 165 exploitability 0.09366284854359931
Iteration 166 exploitability 0.0935839653254189
Iteration 167 exploitability 0.09343051474395825
Iteration 168 exploitability 0.09142973009399434
Iteration 169 exploitability 0.09148405789704805
Iteration 170 exploitability 0.09163537705630373
Iteration 171 exploitability 0.09355221442006725
Iteration 172 exploitability 0.09343794759520874
Iteration 173 exploitability 0.0934743220657662
Iteration 174 exploitability 0.09350967650151758
Iteration 175 exploitability 0.09357416553497495
Iteration 176 exploitability 0.09345168574153531
Iteration 177 exploitability 0.09327576247644682
Iteration 178 exploitability 0.09333116931073182
Iteration 179 exploitability 0.09345464840097886
Iteration 180 exploitability 0.09155614713428166
Iteration 181 exploitability 0.09161255695807485
Iteration 182 exploitability 0.0915389225679676
Iteration 183 exploitability 0.09134819139276765
Iteration 184 exploitability 0.09145124310094965
Iteration 185 exploitability 0.09344476037629153
Iteration 186 exploitability 0.09335463720023282
Iteration 187 exploitability 0.09327795347281549
Iteration 188 exploitability 0.09324739431460567
Iteration 189 exploitability 0.09327759707893436
Iteration 190 exploitability 0.0934435066194861
Iteration 191 exploitability 0.09355183891034563
Iteration 192 exploitability 0.09361928868709612
Iteration 193 exploitability 0.09356432438747223
Iteration 194 exploitability 0.09158748630038678
Iteration 195 exploitability 0.09152601876313438
Iteration 196 exploitability 0.09138970488417074
Iteration 197 exploitability 0.09122358509773014
Iteration 198 exploitability 0.0932339845738587
Iteration 199 exploitability 0.09322931072847726
Iteration 200 exploitability 0.0932334991266068
Iteration 201 exploitability 0.09330509454361605
Iteration 202 exploitability 0.09334764514694513
Iteration 203 exploitability 0.09337044145742475
Iteration 204 exploitability 0.09348042242055792
Iteration 205 exploitability 0.09148316850908633
Iteration 206 exploitability 0.09140820967863647
Iteration 207 exploitability 0.09147455982529716
Iteration 208 exploitability 0.09156073320134493
Iteration 209 exploitability 0.09357239765188083
Iteration 210 exploitability 0.09348662651002457
Iteration 211 exploitability 0.09335022735668666
Iteration 212 exploitability 0.09326832512621701
Iteration 213 exploitability 0.09321568457211038
Iteration 214 exploitability 0.09318274465191334
Iteration 215 exploitability 0.09322285075079145
Iteration 216 exploitability 0.0933094893085044
Iteration 217 exploitability 0.09336568140513905
