Iteration 0 exploitability 0.7465277777777778
Iteration 1 exploitability 0.6905036329446228
Iteration 2 exploitability 0.5468881622105048
Iteration 3 exploitability 0.4383566518892329
Iteration 4 exploitability 0.3604271366763655
Iteration 5 exploitability 0.3037008638754475
Iteration 6 exploitability 0.25899147783043996
Iteration 7 exploitability 0.2256947406851018
Iteration 8 exploitability 0.2097367784313045
Iteration 9 exploitability 0.1913218107353813
Iteration 10 exploitability 0.17908088144298234
Iteration 11 exploitability 0.16662689980408876
Iteration 12 exploitability 0.15108240646744078
Iteration 13 exploitability 0.14329502676068268
Iteration 14 exploitability 0.14753057504558711
Iteration 15 exploitability 0.14310178777769414
Iteration 16 exploitability 0.13523257364453248
Iteration 17 exploitability 0.1270743803999038
Iteration 18 exploitability 0.12753791392259584
Iteration 19 exploitability 0.1309897840534053
Iteration 20 exploitability 0.12655137372218964
Iteration 21 exploitability 0.12064673617261999
Iteration 22 exploitability 0.11588297431335237
Iteration 23 exploitability 0.1145484748280222
Iteration 24 exploitability 0.1162613329632983
Iteration 25 exploitability 0.11639509832621435
Iteration 26 exploitability 0.11506796839400585
Iteration 27 exploitability 0.1116141899155898
Iteration 28 exploitability 0.11024429081053962
Iteration 29 exploitability 0.1105431926169361
Iteration 30 exploitability 0.11055840551757284
Iteration 31 exploitability 0.11008322924443359
Iteration 32 exploitability 0.11034807674230175
Iteration 33 exploitability 0.1088071214478077
Iteration 34 exploitability 0.1074197777446792
Iteration 35 exploitability 0.10837740419471178
Iteration 36 exploitability 0.10853865157865714
Iteration 37 exploitability 0.10736646060382855
Iteration 38 exploitability 0.10701275118161944
Iteration 39 exploitability 0.1066724672875434
Iteration 40 exploitability 0.10647279080424606
Iteration 41 exploitability 0.10659716401267297
Iteration 42 exploitability 0.1069767803511151
Iteration 43 exploitability 0.10634317809518025
Iteration 44 exploitability 0.10520205159487218
Iteration 45 exploitability 0.10532022670972539
Iteration 46 exploitability 0.10580672472554473
Iteration 47 exploitability 0.10581996331478458
Iteration 48 exploitability 0.10437981114963998
Iteration 49 exploitability 0.10406286384606996
Iteration 50 exploitability 0.10351599845753079
Iteration 51 exploitability 0.10397213679134497
Iteration 52 exploitability 0.10484191735391209
Iteration 53 exploitability 0.10573387073673302
Iteration 54 exploitability 0.1054017562886634
Iteration 55 exploitability 0.10445676056428992
Iteration 56 exploitability 0.10328853087597197
Iteration 57 exploitability 0.10317268884513235
Iteration 58 exploitability 0.10279764148124
Iteration 59 exploitability 0.10328675998629534
Iteration 60 exploitability 0.10370967441576581
Iteration 61 exploitability 0.1043407253138866
Iteration 62 exploitability 0.10401879305317024
Iteration 63 exploitability 0.10322945626926669
Iteration 64 exploitability 0.1030891228743866
Iteration 65 exploitability 0.10309648813446527
Iteration 66 exploitability 0.10340020342760264
Iteration 67 exploitability 0.10366117330426235
Iteration 68 exploitability 0.10395694022382986
Iteration 69 exploitability 0.10339346458269577
Iteration 70 exploitability 0.10280040204120626
Iteration 71 exploitability 0.10263589395448461
Iteration 72 exploitability 0.10282941450216845
Iteration 73 exploitability 0.1033423140548072
Iteration 74 exploitability 0.1033426450662186
Iteration 75 exploitability 0.10319924021303069
Iteration 76 exploitability 0.10313737494429238
Iteration 77 exploitability 0.10255900923505475
Iteration 78 exploitability 0.10198983638067916
Iteration 79 exploitability 0.10185017153947706
Iteration 80 exploitability 0.10212223620127646
Iteration 81 exploitability 0.10258340661295881
Iteration 82 exploitability 0.10298852374016344
Iteration 83 exploitability 0.10270898391176445
Iteration 84 exploitability 0.10244126124898892
Iteration 85 exploitability 0.10227552744636713
Iteration 86 exploitability 0.10224850506588533
Iteration 87 exploitability 0.10242648012243838
Iteration 88 exploitability 0.10250798671000011
Iteration 89 exploitability 0.10246646116130007
Iteration 90 exploitability 0.10203983453847625
Iteration 91 exploitability 0.10181730488074324
Iteration 92 exploitability 0.1016653847848913
Iteration 93 exploitability 0.10181843143776366
Iteration 94 exploitability 0.1022635461205647
Iteration 95 exploitability 0.10249766175264158
Iteration 96 exploitability 0.10264060682639077
Iteration 97 exploitability 0.10235081178786191
Iteration 98 exploitability 0.10197869928579041
Iteration 99 exploitability 0.10174735041491448
Iteration 100 exploitability 0.10159399160509847
Iteration 101 exploitability 0.10136511199792576
Iteration 102 exploitability 0.10184205627010272
Iteration 103 exploitability 0.10231522689287639
Iteration 104 exploitability 0.1026365243641476
Iteration 105 exploitability 0.10267252231659878
Iteration 106 exploitability 0.10242220133060555
Iteration 107 exploitability 0.10207380389586082
Iteration 108 exploitability 0.10167608607701527
Iteration 109 exploitability 0.10142625635149857
Iteration 110 exploitability 0.1013937270437055
Iteration 111 exploitability 0.10136873623906104
Iteration 112 exploitability 0.10139086455650431
Iteration 113 exploitability 0.10144868725730091
Iteration 114 exploitability 0.10161456008780309
Iteration 115 exploitability 0.10173295609583494
Iteration 116 exploitability 0.10163259631972878
Iteration 117 exploitability 0.10149250974855809
Iteration 118 exploitability 0.10155058266179652
Iteration 119 exploitability 0.10170250498644338
Iteration 120 exploitability 0.10163223558657898
Iteration 121 exploitability 0.10148213996893875
Iteration 122 exploitability 0.10122836582076006
Iteration 123 exploitability 0.10115440588010571
Iteration 124 exploitability 0.10119074260700406
Iteration 125 exploitability 0.10129710991111784
Iteration 126 exploitability 0.1014746990542677
Iteration 127 exploitability 0.10160363084996989
Iteration 128 exploitability 0.10159265461122301
Iteration 129 exploitability 0.10161446771018444
Iteration 130 exploitability 0.10162974009429297
Iteration 131 exploitability 0.1015760765523919
Iteration 132 exploitability 0.10138609809798073
Iteration 133 exploitability 0.10119306269087072
Iteration 134 exploitability 0.10106853125004892
Iteration 135 exploitability 0.10110103049382034
Iteration 136 exploitability 0.10118108919985297
Iteration 137 exploitability 0.10130005871650918
Iteration 138 exploitability 0.101277650568498
Iteration 139 exploitability 0.10105051423130815
Iteration 140 exploitability 0.10096658247770209
Iteration 141 exploitability 0.10109996929408964
Iteration 142 exploitability 0.10144846447132598
Iteration 143 exploitability 0.1016772315285577
Iteration 144 exploitability 0.10153708556832465
Iteration 145 exploitability 0.10135825307803338
Iteration 146 exploitability 0.1010599524659973
Iteration 147 exploitability 0.10080208385049963
Iteration 148 exploitability 0.10071955526338558
Iteration 149 exploitability 0.10085763965588229
Iteration 150 exploitability 0.10109682670017324
Iteration 151 exploitability 0.10125126571475207
Iteration 152 exploitability 0.10134492034726221
Iteration 153 exploitability 0.10131782049010332
Iteration 154 exploitability 0.10129619926004294
Iteration 155 exploitability 0.10127185085028573
Iteration 156 exploitability 0.10120197708445838
Iteration 157 exploitability 0.10112180447699971
Iteration 158 exploitability 0.10101748919015746
Iteration 159 exploitability 0.1011939521454052
Iteration 160 exploitability 0.1012668041915498
Iteration 161 exploitability 0.10118968195533388
Iteration 162 exploitability 0.10118181028989301
Iteration 163 exploitability 0.10115181620822489
Iteration 164 exploitability 0.10110084675123138
Iteration 165 exploitability 0.10114733195374594
Iteration 166 exploitability 0.10121116283150018
Iteration 167 exploitability 0.10127152335806759
Iteration 168 exploitability 0.10129179577176162
Iteration 169 exploitability 0.10116961795347351
Iteration 170 exploitability 0.10099665622011061
Iteration 171 exploitability 0.10083777060575162
Iteration 172 exploitability 0.10087254862052425
Iteration 173 exploitability 0.10105355344474785
Iteration 174 exploitability 0.10123023148436591
Iteration 175 exploitability 0.10139027737995401
Iteration 176 exploitability 0.10138455924633082
Iteration 177 exploitability 0.10122961174511154
Iteration 178 exploitability 0.1009584023680109
Iteration 179 exploitability 0.10071061222828351
Iteration 180 exploitability 0.10084004003448972
Iteration 181 exploitability 0.1011557137600931
Iteration 182 exploitability 0.10136351959470635
Iteration 183 exploitability 0.10139279400686836
Iteration 184 exploitability 0.10123924385909319
Iteration 185 exploitability 0.10096083389171023
Iteration 186 exploitability 0.10073764412696654
Iteration 187 exploitability 0.10077643079026552
Iteration 188 exploitability 0.10091632274596979
Iteration 189 exploitability 0.10105745829279413
Iteration 190 exploitability 0.10110326341286775
Iteration 191 exploitability 0.10103217080495613
Iteration 192 exploitability 0.10090353767806909
Iteration 193 exploitability 0.10075183693003581
Iteration 194 exploitability 0.1007143161246466
Iteration 195 exploitability 0.1008661679047136
Iteration 196 exploitability 0.10106046969498027
Iteration 197 exploitability 0.10117725503835019
Iteration 198 exploitability 0.10115799893206266
Iteration 199 exploitability 0.10109675212489966
Iteration 200 exploitability 0.10095331273371412
Iteration 201 exploitability 0.10083756205035227
Iteration 202 exploitability 0.10084239791001647
Iteration 203 exploitability 0.10089014887026337
Iteration 204 exploitability 0.10089197992581382
Iteration 205 exploitability 0.1008696035334399
Iteration 206 exploitability 0.10087720421717912
Iteration 207 exploitability 0.10086406584013957
Iteration 208 exploitability 0.10090667216011197
Iteration 209 exploitability 0.10098753253194848
Iteration 210 exploitability 0.10108044306576142
Iteration 211 exploitability 0.10104859980661086
Iteration 212 exploitability 0.10096576088022266
Iteration 213 exploitability 0.10092745086755552
Iteration 214 exploitability 0.10088205793730272
Iteration 215 exploitability 0.10081441851182665
Iteration 216 exploitability 0.1008019923876106
Iteration 217 exploitability 0.10089761364839087
Iteration 218 exploitability 0.10087326132759619
Iteration 219 exploitability 0.10073260201314808
Iteration 220 exploitability 0.10070485944560469
Iteration 221 exploitability 0.10075501551996702
Iteration 222 exploitability 0.10091942525632573
Iteration 223 exploitability 0.10095579020342682
