Iteration 0 exploitability 0.8751388888888889
Iteration 1 exploitability 0.6669889860929892
Iteration 2 exploitability 0.4957298279671823
Iteration 3 exploitability 0.412541486268143
Iteration 4 exploitability 0.30141107621884633
Iteration 5 exploitability 0.1816398675603872
Iteration 6 exploitability 0.1333498503318317
Iteration 7 exploitability 0.10468390303174938
Iteration 8 exploitability 0.08332227549133177
Iteration 9 exploitability 0.07172632201690873
Iteration 10 exploitability 0.060435579343672
Iteration 11 exploitability 0.04714033481523275
Iteration 12 exploitability 0.03438448809805561
Iteration 13 exploitability 0.02817176591028308
Iteration 14 exploitability 0.022693603754190023
Iteration 15 exploitability 0.019776603016835252
Iteration 16 exploitability 0.019816795667458937
Iteration 17 exploitability 0.018824229449969622
Iteration 18 exploitability 0.015603907562066168
Iteration 19 exploitability 0.012024034122122948
Iteration 20 exploitability 0.009650906360983518
Iteration 21 exploitability 0.009478545846446964
Iteration 22 exploitability 0.008606125930588716
Iteration 23 exploitability 0.007571082682473258
Iteration 24 exploitability 0.007688956727337232
Iteration 25 exploitability 0.009412250952468691
Iteration 26 exploitability 0.008236523393113438
Iteration 27 exploitability 0.005330658064700339
Iteration 28 exploitability 0.004404425204242958
Iteration 29 exploitability 0.004742385685648161
Iteration 30 exploitability 0.005001116303587209
Iteration 31 exploitability 0.004805066088660152
Iteration 32 exploitability 0.004334088679850202
Iteration 33 exploitability 0.004076032194733158
Iteration 34 exploitability 0.005023861512132206
Iteration 35 exploitability 0.004954385236576765
Iteration 36 exploitability 0.0033585247306021533
Iteration 37 exploitability 0.002413633486753293
Iteration 38 exploitability 0.003031536715536812
Iteration 39 exploitability 0.004105463703936647
Iteration 40 exploitability 0.003395024555454978
Iteration 41 exploitability 0.002628151021351667
Iteration 42 exploitability 0.002311336199315824
Iteration 43 exploitability 0.0028038540860971317
Iteration 44 exploitability 0.0030089532112233387
Iteration 45 exploitability 0.00273746542820294
Iteration 46 exploitability 0.0024736952905315794
Iteration 47 exploitability 0.0021756504178485946
Iteration 48 exploitability 0.0022677317795654055
Iteration 49 exploitability 0.0022750008620513406
Iteration 50 exploitability 0.0019535764992792176
Iteration 51 exploitability 0.0016610022606070775
Iteration 52 exploitability 0.0017621836989911105
Iteration 53 exploitability 0.0025108820286941624
Iteration 54 exploitability 0.0024793860483507658
Iteration 55 exploitability 0.0016991948844300685
Iteration 56 exploitability 0.0012016616498198632
Iteration 57 exploitability 0.0010837104367904045
Iteration 58 exploitability 0.0016598827967936674
Iteration 59 exploitability 0.002018002911596573
