Iteration 0 exploitability 0.8777777777777779
Iteration 1 exploitability 0.7271510776235774
Iteration 2 exploitability 0.6146337549704054
Iteration 3 exploitability 0.516538692369747
Iteration 4 exploitability 0.43610477273838344
Iteration 5 exploitability 0.34909910598465804
Iteration 6 exploitability 0.29082148963220444
Iteration 7 exploitability 0.26585208605568633
Iteration 8 exploitability 0.2541663682198613
Iteration 9 exploitability 0.23930840532240671
Iteration 10 exploitability 0.231372016789653
Iteration 11 exploitability 0.21637821168196025
Iteration 12 exploitability 0.2079611779475319
Iteration 13 exploitability 0.20153032592337455
Iteration 14 exploitability 0.19789241512470362
Iteration 15 exploitability 0.19404273472446426
Iteration 16 exploitability 0.1925768339055846
Iteration 17 exploitability 0.19118020312309109
Iteration 18 exploitability 0.18659678308152736
Iteration 19 exploitability 0.18381162104753035
Iteration 20 exploitability 0.18179661873870342
Iteration 21 exploitability 0.18053985566743383
Iteration 22 exploitability 0.18038882557716915
Iteration 23 exploitability 0.18062536538719415
Iteration 24 exploitability 0.17988087167611178
Iteration 25 exploitability 0.17907555432606745
Iteration 26 exploitability 0.17863802638449164
Iteration 27 exploitability 0.1772097643340289
Iteration 28 exploitability 0.17600809846872006
Iteration 29 exploitability 0.1757442362001177
Iteration 30 exploitability 0.1761726776866725
Iteration 31 exploitability 0.17638248444945445
Iteration 32 exploitability 0.1757251280602895
Iteration 33 exploitability 0.17524548644832155
Iteration 34 exploitability 0.17432242334109305
Iteration 35 exploitability 0.17399563962400452
Iteration 36 exploitability 0.17389575006005709
Iteration 37 exploitability 0.17454709798029577
Iteration 38 exploitability 0.17474400999453124
Iteration 39 exploitability 0.17424575735811096
Iteration 40 exploitability 0.1736811835533759
Iteration 41 exploitability 0.1732352088574349
Iteration 42 exploitability 0.17299461763967744
Iteration 43 exploitability 0.17304123910551042
Iteration 44 exploitability 0.1733720451860728
Iteration 45 exploitability 0.17322313316745805
Iteration 46 exploitability 0.1733237133423357
Iteration 47 exploitability 0.17308855670619036
Iteration 48 exploitability 0.17271662689398898
Iteration 49 exploitability 0.17226173401183884
Iteration 50 exploitability 0.1723143047019305
Iteration 51 exploitability 0.17274451368713606
Iteration 52 exploitability 0.17285881415129067
Iteration 53 exploitability 0.17267122299418083
Iteration 54 exploitability 0.17241441143346165
Iteration 55 exploitability 0.17223775617333192
Iteration 56 exploitability 0.17208173418122732
Iteration 57 exploitability 0.1720643317447977
Iteration 58 exploitability 0.1721744960062167
Iteration 59 exploitability 0.17223743192360141
Iteration 60 exploitability 0.1725187714788294
Iteration 61 exploitability 0.1723883895567117
Iteration 62 exploitability 0.17178528108945154
Iteration 63 exploitability 0.17161540333635414
Iteration 64 exploitability 0.17197551009874548
Iteration 65 exploitability 0.17228692394547435
Iteration 66 exploitability 0.17211774078866066
Iteration 67 exploitability 0.17180537554422043
Iteration 68 exploitability 0.17163391658061064
Iteration 69 exploitability 0.17178507931308112
Iteration 70 exploitability 0.17181275835488072
