Iteration 0 exploitability 0.8751388888888889
Iteration 1 exploitability 0.727767625523924
Iteration 2 exploitability 0.5797528848930845
Iteration 3 exploitability 0.5147503068695275
Iteration 4 exploitability 0.4133984627030268
Iteration 5 exploitability 0.31121171399834374
Iteration 6 exploitability 0.279716884488158
Iteration 7 exploitability 0.2587870940104384
Iteration 8 exploitability 0.2467375092311646
Iteration 9 exploitability 0.23713961505778627
Iteration 10 exploitability 0.23391926550456876
Iteration 11 exploitability 0.21836605112425322
Iteration 12 exploitability 0.20516242390546757
Iteration 13 exploitability 0.19698029217284677
Iteration 14 exploitability 0.1912763432164889
Iteration 15 exploitability 0.1893067204607626
Iteration 16 exploitability 0.18986675125788707
Iteration 17 exploitability 0.190889176625612
Iteration 18 exploitability 0.18672502924908674
Iteration 19 exploitability 0.18447446528827707
Iteration 20 exploitability 0.18184722152128519
Iteration 21 exploitability 0.18185049737206427
Iteration 22 exploitability 0.18167522767683397
Iteration 23 exploitability 0.18104546005150635
Iteration 24 exploitability 0.18093668020584053
Iteration 25 exploitability 0.18083164632630372
Iteration 26 exploitability 0.18065619419500106
Iteration 27 exploitability 0.17968963441381508
Iteration 28 exploitability 0.17823555110124484
Iteration 29 exploitability 0.17728120862405225
Iteration 30 exploitability 0.1774483204250122
Iteration 31 exploitability 0.1784816610007899
Iteration 32 exploitability 0.17904409901677457
Iteration 33 exploitability 0.17882876521814364
Iteration 34 exploitability 0.17792964353083834
Iteration 35 exploitability 0.17775205843566377
Iteration 36 exploitability 0.17731826034666892
Iteration 37 exploitability 0.17751205557795932
Iteration 38 exploitability 0.1773495496464566
Iteration 39 exploitability 0.17714331068493205
Iteration 40 exploitability 0.1771375013826126
Iteration 41 exploitability 0.17726564090234886
Iteration 42 exploitability 0.17755322718367278
Iteration 43 exploitability 0.17696184044829236
Iteration 44 exploitability 0.1763013457155298
Iteration 45 exploitability 0.17629453067358244
Iteration 46 exploitability 0.1768681027885597
Iteration 47 exploitability 0.17727747491592893
Iteration 48 exploitability 0.17704919047797263
Iteration 49 exploitability 0.1767719480446805
Iteration 50 exploitability 0.17635494976350446
Iteration 51 exploitability 0.17662098148240526
Iteration 52 exploitability 0.17711080886592032
Iteration 53 exploitability 0.17709041227612143
Iteration 54 exploitability 0.17651667435364138
Iteration 55 exploitability 0.1762937599085837
Iteration 56 exploitability 0.17626149384932646
Iteration 57 exploitability 0.17624918748621066
Iteration 58 exploitability 0.17609238952882805
Iteration 59 exploitability 0.17617191346073852
Iteration 60 exploitability 0.17626828932822397
Iteration 61 exploitability 0.17640494296936313
Iteration 62 exploitability 0.1765118463711304
Iteration 63 exploitability 0.17676301882261677
Iteration 64 exploitability 0.17646319745054803
Iteration 65 exploitability 0.17619354963044045
Iteration 66 exploitability 0.1762806225325219
Iteration 67 exploitability 0.17641720681231002
Iteration 68 exploitability 0.17655487607150747
Iteration 69 exploitability 0.17647800340514772
