Iteration 0 exploitability 0.8751388888888889
Iteration 1 exploitability 0.6598350456671713
Iteration 2 exploitability 0.538485251553512
Iteration 3 exploitability 0.41001633261303455
Iteration 4 exploitability 0.29015702771796853
Iteration 5 exploitability 0.19111618560559868
Iteration 6 exploitability 0.14392597816417524
Iteration 7 exploitability 0.11899341567331406
Iteration 8 exploitability 0.09548066317417264
Iteration 9 exploitability 0.07731506352614162
Iteration 10 exploitability 0.06192087393914444
Iteration 11 exploitability 0.046704897723135914
Iteration 12 exploitability 0.03885985859625843
Iteration 13 exploitability 0.03342406713472758
Iteration 14 exploitability 0.029282053569834807
Iteration 15 exploitability 0.02781861265241807
Iteration 16 exploitability 0.02429665058658611
Iteration 17 exploitability 0.01727391357928304
Iteration 18 exploitability 0.015617947985350608
Iteration 19 exploitability 0.012850731652819178
Iteration 20 exploitability 0.01100913787649195
Iteration 21 exploitability 0.010875363659753612
Iteration 22 exploitability 0.008455714802028917
Iteration 23 exploitability 0.008599478012006355
Iteration 24 exploitability 0.008226370997801755
Iteration 25 exploitability 0.006492336897767366
Iteration 26 exploitability 0.006978835058144769
Iteration 27 exploitability 0.005784620005517693
Iteration 28 exploitability 0.005139802207547813
Iteration 29 exploitability 0.005489105213228207
Iteration 30 exploitability 0.004573110490622718
Iteration 31 exploitability 0.004374181130262235
Iteration 32 exploitability 0.004213528561871472
Iteration 33 exploitability 0.003027378350888653
Iteration 34 exploitability 0.0035478091064478348
Iteration 35 exploitability 0.003403684108084014
Iteration 36 exploitability 0.003411752907917231
Iteration 37 exploitability 0.0034800981135434924
Iteration 38 exploitability 0.0026388144996237588
Iteration 39 exploitability 0.0025899365341337183
Iteration 40 exploitability 0.0026179288676957554
Iteration 41 exploitability 0.002281977793529603
Iteration 42 exploitability 0.0026997064590528115
Iteration 43 exploitability 0.0024037275947609775
Iteration 44 exploitability 0.0019628842759006376
Iteration 45 exploitability 0.0023228615324916825
Iteration 46 exploitability 0.00203679202710752
Iteration 47 exploitability 0.0021180805719267933
Iteration 48 exploitability 0.002099999982694463
Iteration 49 exploitability 0.0017090270552692158
Iteration 50 exploitability 0.001605649388695112
Iteration 51 exploitability 0.0018745862847364294
Iteration 52 exploitability 0.0015915191878505752
Iteration 53 exploitability 0.0016332469134367634
Iteration 54 exploitability 0.0017566107783146552
Iteration 55 exploitability 0.0015110089113769462
Iteration 56 exploitability 0.0013695248297899351
Iteration 57 exploitability 0.0014741214159852568
Iteration 58 exploitability 0.0014782376393593893
Iteration 59 exploitability 0.0015323670451409543
