Iteration 0 exploitability 0.7274305555555556
Iteration 1 exploitability 0.6721458339357814
Iteration 2 exploitability 0.5476276391499924
Iteration 3 exploitability 0.4748943207327351
Iteration 4 exploitability 0.3700331141450919
Iteration 5 exploitability 0.2868615564991405
Iteration 6 exploitability 0.242294795625712
Iteration 7 exploitability 0.1648360483558497
Iteration 8 exploitability 0.13295999030231315
Iteration 9 exploitability 0.13243509665711872
Iteration 10 exploitability 0.12658894428266226
Iteration 11 exploitability 0.09904648865561644
Iteration 12 exploitability 0.08554812480877166
Iteration 13 exploitability 0.07604349599157216
Iteration 14 exploitability 0.06104153790834882
Iteration 15 exploitability 0.05441207365931368
Iteration 16 exploitability 0.04857560067884034
Iteration 17 exploitability 0.03926900356685535
Iteration 18 exploitability 0.03444622682257237
Iteration 19 exploitability 0.03269761448762194
Iteration 20 exploitability 0.03356696457925058
Iteration 21 exploitability 0.03809025650964344
Iteration 22 exploitability 0.030573238613662828
Iteration 23 exploitability 0.026511632067490493
Iteration 24 exploitability 0.02774968509455828
Iteration 25 exploitability 0.02507113986394449
Iteration 26 exploitability 0.024979678982011744
Iteration 27 exploitability 0.01932959069402851
Iteration 28 exploitability 0.015409703215492012
Iteration 29 exploitability 0.01684038310831961
Iteration 30 exploitability 0.014879960955365317
Iteration 31 exploitability 0.014333007104835925
Iteration 32 exploitability 0.013247964311906496
Iteration 33 exploitability 0.01325204089320232
Iteration 34 exploitability 0.011797360985439693
Iteration 35 exploitability 0.01147212289202833
Iteration 36 exploitability 0.012567295952342076
Iteration 37 exploitability 0.01121279554035701
Iteration 38 exploitability 0.010707590186475935
Iteration 39 exploitability 0.00965421950877304
Iteration 40 exploitability 0.008585976315096942
Iteration 41 exploitability 0.008707551572241356
Iteration 42 exploitability 0.007962822555924011
Iteration 43 exploitability 0.007366479116892311
Iteration 44 exploitability 0.0076215986133820295
Iteration 45 exploitability 0.007954400822275012
Iteration 46 exploitability 0.008009193446150614
Iteration 47 exploitability 0.00738294930332155
Iteration 48 exploitability 0.006572832325451721
Iteration 49 exploitability 0.006312790263231133
Iteration 50 exploitability 0.006695979102001375
Iteration 51 exploitability 0.006518167830164569
Iteration 52 exploitability 0.006692887513204563
Iteration 53 exploitability 0.007183794081685247
Iteration 54 exploitability 0.0071989848731650015
Iteration 55 exploitability 0.006623803584692449
Iteration 56 exploitability 0.0061041158584647925
Iteration 57 exploitability 0.006103516365007311
Iteration 58 exploitability 0.006476461994624564
Iteration 59 exploitability 0.006517640229834601
Iteration 60 exploitability 0.005516029275087908
Iteration 61 exploitability 0.005275023060827457
Iteration 62 exploitability 0.005509495224380328
Iteration 63 exploitability 0.005216933634626199
Iteration 64 exploitability 0.005129751562276935
Iteration 65 exploitability 0.005026331780707631
Iteration 66 exploitability 0.005031778266341512
Iteration 67 exploitability 0.004688455383502405
Iteration 68 exploitability 0.004725411809257516
Iteration 69 exploitability 0.00508656818558382
Iteration 70 exploitability 0.0050658304344370205
Iteration 71 exploitability 0.005040793039880583
Iteration 72 exploitability 0.0046705749374971375
Iteration 73 exploitability 0.004058825292801028
Iteration 74 exploitability 0.0042979014494966255
Iteration 75 exploitability 0.004886889260931731
Iteration 76 exploitability 0.0044253219195829335
Iteration 77 exploitability 0.004107657113571992
Iteration 78 exploitability 0.003848945093192682
Iteration 79 exploitability 0.003823564949359433
Iteration 80 exploitability 0.0035044298295317175
Iteration 81 exploitability 0.004066015303520966
Iteration 82 exploitability 0.004206855858423093
Iteration 83 exploitability 0.003847970113891812
Iteration 84 exploitability 0.0033148969785836415
Iteration 85 exploitability 0.0029560513145857068
Iteration 86 exploitability 0.002724491632173121
Iteration 87 exploitability 0.003130429404186657
Iteration 88 exploitability 0.0036626201536042614
Iteration 89 exploitability 0.0033465290182920424
Iteration 90 exploitability 0.003207828732684777
Iteration 91 exploitability 0.0029655596101466394
Iteration 92 exploitability 0.0030249418070388227
Iteration 93 exploitability 0.0031742318209280907
Iteration 94 exploitability 0.0030793251255734327
Iteration 95 exploitability 0.0031879980284022207
Iteration 96 exploitability 0.0031366891034667853
Iteration 97 exploitability 0.003134235528657372
Iteration 98 exploitability 0.0030106672024094623
Iteration 99 exploitability 0.0028027465599784057
Iteration 100 exploitability 0.0024419750967672
Iteration 101 exploitability 0.0025612612974124736
Iteration 102 exploitability 0.002587469982167313
Iteration 103 exploitability 0.0023888976181980085
Iteration 104 exploitability 0.0023935812751729735
Iteration 105 exploitability 0.0025643785502158564
Iteration 106 exploitability 0.002737004649357143
Iteration 107 exploitability 0.002579484676877978
Iteration 108 exploitability 0.002420506834391635
Iteration 109 exploitability 0.0024938079829023123
Iteration 110 exploitability 0.0024249645552509233
Iteration 111 exploitability 0.00239896697663889
Iteration 112 exploitability 0.00234844827811491
Iteration 113 exploitability 0.0021012200249036946
Iteration 114 exploitability 0.0023157443393061446
Iteration 115 exploitability 0.0024493408787310987
Iteration 116 exploitability 0.0024211213236785545
Iteration 117 exploitability 0.002265400689734777
Iteration 118 exploitability 0.002263979132953865
Iteration 119 exploitability 0.0023892641271741396
Iteration 120 exploitability 0.0024817854373833633
Iteration 121 exploitability 0.002394472194881963
Iteration 122 exploitability 0.0023231168785638762
Iteration 123 exploitability 0.0021847844256913307
Iteration 124 exploitability 0.0022393847087151903
Iteration 125 exploitability 0.0022203529299030036
Iteration 126 exploitability 0.002224875848203734
Iteration 127 exploitability 0.00206215601767166
Iteration 128 exploitability 0.0020131071775160887
Iteration 129 exploitability 0.0018163249981012616
Iteration 130 exploitability 0.0017036333930536543
Iteration 131 exploitability 0.0018107886203142989
Iteration 132 exploitability 0.0017746498077782866
Iteration 133 exploitability 0.001813898507067549
Iteration 134 exploitability 0.002114551319735503
Iteration 135 exploitability 0.0023212988668700335
Iteration 136 exploitability 0.002292108525165315
Iteration 137 exploitability 0.002196808134415768
Iteration 138 exploitability 0.0021327790006456966
Iteration 139 exploitability 0.0020666321704366167
Iteration 140 exploitability 0.002027868015880399
Iteration 141 exploitability 0.0021164313464783913
Iteration 142 exploitability 0.0020541386833667448
Iteration 143 exploitability 0.0018589350955877876
Iteration 144 exploitability 0.001703502609671473
Iteration 145 exploitability 0.001619146745473598
Iteration 146 exploitability 0.0016459406822073403
Iteration 147 exploitability 0.0017395371270198896
Iteration 148 exploitability 0.0017618243938196405
Iteration 149 exploitability 0.0019351714963745936
Iteration 150 exploitability 0.0020123126221411125
Iteration 151 exploitability 0.0019715973926545706
Iteration 152 exploitability 0.0019079258244238022
Iteration 153 exploitability 0.002006009074409623
Iteration 154 exploitability 0.001983928293700297
Iteration 155 exploitability 0.0017796811612636795
Iteration 156 exploitability 0.0017820428399946504
Iteration 157 exploitability 0.0019049721638857153
Iteration 158 exploitability 0.0018466000811751815
Iteration 159 exploitability 0.0016464473389378662
Iteration 160 exploitability 0.0015575499857222513
Iteration 161 exploitability 0.0015017030175560869
Iteration 162 exploitability 0.0015078014789517095
Iteration 163 exploitability 0.0015237225340677387
Iteration 164 exploitability 0.0015066409695219723
Iteration 165 exploitability 0.001646153897866853
Iteration 166 exploitability 0.0015998206936239292
Iteration 167 exploitability 0.0016248638611453406
Iteration 168 exploitability 0.0016727511886703156
Iteration 169 exploitability 0.0018245987561301934
Iteration 170 exploitability 0.002034514058789608
Iteration 171 exploitability 0.0018855275136390763
Iteration 172 exploitability 0.0017533659981512975
Iteration 173 exploitability 0.0018446328476998423
Iteration 174 exploitability 0.0018824154693153098
Iteration 175 exploitability 0.0017064987111950793
Iteration 176 exploitability 0.001556876290451495
Iteration 177 exploitability 0.0016364936196010364
Iteration 178 exploitability 0.0014408445701452124
Iteration 179 exploitability 0.0013401773537534863
Iteration 180 exploitability 0.001349770860136313
Iteration 181 exploitability 0.0014351189467132694
Iteration 182 exploitability 0.0013461476693420495
Iteration 183 exploitability 0.0013243729139079622
Iteration 184 exploitability 0.0013319560644119589
Iteration 185 exploitability 0.0013381355076438096
Iteration 186 exploitability 0.0014511714454226651
Iteration 187 exploitability 0.0016962208151417562
Iteration 188 exploitability 0.0018585477285882786
Iteration 189 exploitability 0.0018185462508114158
Iteration 190 exploitability 0.001867721179301664
Iteration 191 exploitability 0.0017147042372867268
Iteration 192 exploitability 0.0017191530231636196
Iteration 193 exploitability 0.0017945864781350749
