Iteration 0 exploitability 0.7083333333333333
Iteration 1 exploitability 0.6664320505321246
Iteration 2 exploitability 0.5772065853146489
Iteration 3 exploitability 0.4157732906372218
Iteration 4 exploitability 0.3535172981897854
Iteration 5 exploitability 0.2946176098562264
Iteration 6 exploitability 0.23943831801085264
Iteration 7 exploitability 0.21628678576885688
Iteration 8 exploitability 0.1572293727836962
Iteration 9 exploitability 0.12227269440630581
Iteration 10 exploitability 0.10094605801796319
Iteration 11 exploitability 0.09810006571263455
Iteration 12 exploitability 0.09861065207707839
Iteration 13 exploitability 0.09021822827025558
Iteration 14 exploitability 0.0695557739513012
Iteration 15 exploitability 0.0608128059619023
Iteration 16 exploitability 0.058652579393113004
Iteration 17 exploitability 0.052565701262908715
Iteration 18 exploitability 0.04213436097578917
Iteration 19 exploitability 0.04013455694950561
Iteration 20 exploitability 0.03986013903405966
Iteration 21 exploitability 0.03871807439377115
Iteration 22 exploitability 0.03916743510571746
Iteration 23 exploitability 0.03425598368604045
Iteration 24 exploitability 0.030772463174832978
Iteration 25 exploitability 0.0312563580195568
Iteration 26 exploitability 0.03165552779109123
Iteration 27 exploitability 0.03094926916644406
Iteration 28 exploitability 0.032129395968782754
Iteration 29 exploitability 0.028326227923870906
Iteration 30 exploitability 0.025796651863908258
Iteration 31 exploitability 0.022218243916343874
Iteration 32 exploitability 0.0187344452885643
Iteration 33 exploitability 0.019137061425322614
Iteration 34 exploitability 0.021273683096504376
Iteration 35 exploitability 0.021304189043257572
Iteration 36 exploitability 0.018852703774271902
Iteration 37 exploitability 0.018969730138663547
Iteration 38 exploitability 0.018417604787837938
Iteration 39 exploitability 0.015426626241430728
Iteration 40 exploitability 0.01474802393971693
Iteration 41 exploitability 0.01479912327315365
Iteration 42 exploitability 0.015206280989185373
Iteration 43 exploitability 0.015238707315478005
Iteration 44 exploitability 0.014911922053803553
Iteration 45 exploitability 0.013655736615958328
Iteration 46 exploitability 0.012054474356748977
Iteration 47 exploitability 0.010847067977684508
Iteration 48 exploitability 0.011244288041339222
Iteration 49 exploitability 0.011187527198206516
Iteration 50 exploitability 0.010756765480616153
Iteration 51 exploitability 0.009876431963106058
Iteration 52 exploitability 0.008687693424084129
Iteration 53 exploitability 0.008364062242608477
Iteration 54 exploitability 0.008227968367705252
Iteration 55 exploitability 0.008280411114923399
Iteration 56 exploitability 0.007257503948487726
Iteration 57 exploitability 0.006787345405827975
Iteration 58 exploitability 0.006657652859073196
Iteration 59 exploitability 0.005995858886244456
Iteration 60 exploitability 0.0060473990683636205
Iteration 61 exploitability 0.005776023033899071
Iteration 62 exploitability 0.0055078775612119775
Iteration 63 exploitability 0.005429190846159945
Iteration 64 exploitability 0.005487349647624708
Iteration 65 exploitability 0.005073650581007223
Iteration 66 exploitability 0.005182201279458551
Iteration 67 exploitability 0.004987184778956722
Iteration 68 exploitability 0.004752719761391055
Iteration 69 exploitability 0.0038286219519837205
Iteration 70 exploitability 0.00401718833356488
Iteration 71 exploitability 0.003941779287187815
Iteration 72 exploitability 0.004400068233865856
Iteration 73 exploitability 0.004591534215441348
Iteration 74 exploitability 0.004285450644550321
Iteration 75 exploitability 0.0038324587933000333
Iteration 76 exploitability 0.0041185656963471685
Iteration 77 exploitability 0.004091590005668033
Iteration 78 exploitability 0.0037709272924113754
Iteration 79 exploitability 0.0033228482179551893
Iteration 80 exploitability 0.0032838082131918305
Iteration 81 exploitability 0.0033197378294044307
Iteration 82 exploitability 0.003529429651581633
Iteration 83 exploitability 0.0032371323284258553
Iteration 84 exploitability 0.002980800070749248
Iteration 85 exploitability 0.003173575029327305
Iteration 86 exploitability 0.0036342704604358143
Iteration 87 exploitability 0.0036130274093073645
Iteration 88 exploitability 0.0033555773396655012
Iteration 89 exploitability 0.003193599460867988
Iteration 90 exploitability 0.003183579300020379
Iteration 91 exploitability 0.003317581076660506
Iteration 92 exploitability 0.0032843246661911837
Iteration 93 exploitability 0.0028012979116658144
Iteration 94 exploitability 0.0025364634078171694
Iteration 95 exploitability 0.0028620128671177298
Iteration 96 exploitability 0.0028367453449699488
Iteration 97 exploitability 0.0025587447847218703
Iteration 98 exploitability 0.002837165787516787
Iteration 99 exploitability 0.002759328471140098
Iteration 100 exploitability 0.0028922423905643623
Iteration 101 exploitability 0.0028414503191609964
Iteration 102 exploitability 0.002485978417416216
Iteration 103 exploitability 0.002201065495443327
Iteration 104 exploitability 0.002444297916660073
Iteration 105 exploitability 0.0026814954859101185
Iteration 106 exploitability 0.00242253346877642
Iteration 107 exploitability 0.00192176602732896
Iteration 108 exploitability 0.002021020753980722
Iteration 109 exploitability 0.002309283290391154
Iteration 110 exploitability 0.0024300727519489017
Iteration 111 exploitability 0.0023663035407994453
Iteration 112 exploitability 0.002276066615892352
Iteration 113 exploitability 0.0021472490945832474
Iteration 114 exploitability 0.0022276961604793823
Iteration 115 exploitability 0.002391918842680219
Iteration 116 exploitability 0.0021475801241615925
Iteration 117 exploitability 0.001866478348525444
Iteration 118 exploitability 0.0018308480984816728
Iteration 119 exploitability 0.002089375351219157
Iteration 120 exploitability 0.002064892878338825
Iteration 121 exploitability 0.0017489360703809081
Iteration 122 exploitability 0.0017373768994476519
Iteration 123 exploitability 0.0016839724865540383
Iteration 124 exploitability 0.0019170285846060167
Iteration 125 exploitability 0.002223523664097448
Iteration 126 exploitability 0.002037897553464161
Iteration 127 exploitability 0.0018419484247177104
Iteration 128 exploitability 0.0018414615272762279
Iteration 129 exploitability 0.0020883274887653377
Iteration 130 exploitability 0.0018726733988880461
Iteration 131 exploitability 0.001568480251060788
Iteration 132 exploitability 0.0015975373761152973
Iteration 133 exploitability 0.0017014342019863768
Iteration 134 exploitability 0.0017729076238090055
Iteration 135 exploitability 0.0015590118776627165
Iteration 136 exploitability 0.0014355056875064566
Iteration 137 exploitability 0.0014531864273507234
Iteration 138 exploitability 0.00173170926397028
Iteration 139 exploitability 0.001911719079489926
Iteration 140 exploitability 0.0017340309465226252
Iteration 141 exploitability 0.0016194013712683996
Iteration 142 exploitability 0.0015327844350594864
Iteration 143 exploitability 0.0016764271241130457
Iteration 144 exploitability 0.0016277814877384026
Iteration 145 exploitability 0.0014341872274525938
Iteration 146 exploitability 0.001363650903905538
Iteration 147 exploitability 0.0014570254821613003
Iteration 148 exploitability 0.00153267297019393
Iteration 149 exploitability 0.0014616158554350367
Iteration 150 exploitability 0.0013534270581025732
Iteration 151 exploitability 0.001324479464265259
Iteration 152 exploitability 0.0014957199414331605
Iteration 153 exploitability 0.001498739584612384
Iteration 154 exploitability 0.001619521165765731
Iteration 155 exploitability 0.0015524910184801385
Iteration 156 exploitability 0.0013885073694834785
Iteration 157 exploitability 0.0012948142418902618
Iteration 158 exploitability 0.0013687237140693532
Iteration 159 exploitability 0.0014969247824090336
Iteration 160 exploitability 0.001397420547443953
Iteration 161 exploitability 0.001414488429992225
Iteration 162 exploitability 0.001386705845067082
Iteration 163 exploitability 0.001296938830220471
Iteration 164 exploitability 0.0011910471705844621
Iteration 165 exploitability 0.0011973763695502671
Iteration 166 exploitability 0.0012016929833479845
Iteration 167 exploitability 0.001216270568237388
Iteration 168 exploitability 0.0012944968807811884
Iteration 169 exploitability 0.0014462343040923642
Iteration 170 exploitability 0.001459354675584825
Iteration 171 exploitability 0.001270265348681784
Iteration 172 exploitability 0.001153495952590491
Iteration 173 exploitability 0.0011792733832716286
Iteration 174 exploitability 0.0013246942087586598
Iteration 175 exploitability 0.0012746151433483512
Iteration 176 exploitability 0.0012795757346345754
Iteration 177 exploitability 0.0012203572000100762
Iteration 178 exploitability 0.0011273517891803116
Iteration 179 exploitability 0.0010857108836947584
Iteration 180 exploitability 0.0010961192529447055
Iteration 181 exploitability 0.0010983696680311609
Iteration 182 exploitability 0.0010733791948393133
Iteration 183 exploitability 0.0010562137763511486
Iteration 184 exploitability 0.0012016516193956647
Iteration 185 exploitability 0.001313775966086706
Iteration 186 exploitability 0.0012008856892230615
Iteration 187 exploitability 0.0010435148492686439
Iteration 188 exploitability 0.0011305899898649539
Iteration 189 exploitability 0.0012407272022032707
Iteration 190 exploitability 0.0012378381771806879
Iteration 191 exploitability 0.0011164667204834305
Iteration 192 exploitability 0.0010474901388182662
Iteration 193 exploitability 0.0009876694863865437
