Iteration 0 exploitability 0.7465277777777778
Iteration 1 exploitability 0.6469048484070046
Iteration 2 exploitability 0.5102671173369379
Iteration 3 exploitability 0.3913421829114486
Iteration 4 exploitability 0.32352709878760505
Iteration 5 exploitability 0.25993260215258207
Iteration 6 exploitability 0.1868415157192571
Iteration 7 exploitability 0.14432739577914191
Iteration 8 exploitability 0.1279061844611496
Iteration 9 exploitability 0.09917879853708311
Iteration 10 exploitability 0.1010625746478145
Iteration 11 exploitability 0.07970614445207862
Iteration 12 exploitability 0.06150255723158541
Iteration 13 exploitability 0.05666084387967331
Iteration 14 exploitability 0.05188227104911326
Iteration 15 exploitability 0.04462326533410721
Iteration 16 exploitability 0.044781934586390154
Iteration 17 exploitability 0.04337266669314166
Iteration 18 exploitability 0.035582966332690244
Iteration 19 exploitability 0.028202698600354244
Iteration 20 exploitability 0.02653965767093075
Iteration 21 exploitability 0.0298058080761551
Iteration 22 exploitability 0.02609746786108051
Iteration 23 exploitability 0.02164519327998458
Iteration 24 exploitability 0.020859845370267464
Iteration 25 exploitability 0.02163242439649961
Iteration 26 exploitability 0.019337760748220384
Iteration 27 exploitability 0.016663912018171356
Iteration 28 exploitability 0.014083034017562949
Iteration 29 exploitability 0.013071637981183975
Iteration 30 exploitability 0.013697262901244643
Iteration 31 exploitability 0.012793334018126826
Iteration 32 exploitability 0.011884114334884703
Iteration 33 exploitability 0.011307664527813604
Iteration 34 exploitability 0.011857841155228473
Iteration 35 exploitability 0.014183428777195469
Iteration 36 exploitability 0.013881174844246096
Iteration 37 exploitability 0.01097608108295358
Iteration 38 exploitability 0.008864717918882662
Iteration 39 exploitability 0.00892522660196544
Iteration 40 exploitability 0.010596682515511973
Iteration 41 exploitability 0.010520083219747659
Iteration 42 exploitability 0.009892807528873
Iteration 43 exploitability 0.00863999671134622
Iteration 44 exploitability 0.007887103487569509
Iteration 45 exploitability 0.007965644164954678
Iteration 46 exploitability 0.00828957532245013
Iteration 47 exploitability 0.008065016423395376
Iteration 48 exploitability 0.007882505207918144
Iteration 49 exploitability 0.007655357584431508
Iteration 50 exploitability 0.006539608364907997
Iteration 51 exploitability 0.005651586083996013
Iteration 52 exploitability 0.005582050258135414
Iteration 53 exploitability 0.005405664412432158
Iteration 54 exploitability 0.005799870269408872
Iteration 55 exploitability 0.00624686671654568
Iteration 56 exploitability 0.005554544851526918
Iteration 57 exploitability 0.004991034525400987
Iteration 58 exploitability 0.005427276913792675
Iteration 59 exploitability 0.005249760937589788
Iteration 60 exploitability 0.004800135498555821
Iteration 61 exploitability 0.0043268157531364485
Iteration 62 exploitability 0.0051764741842665616
Iteration 63 exploitability 0.005471330973687234
Iteration 64 exploitability 0.005056749815682797
Iteration 65 exploitability 0.004593796382537875
Iteration 66 exploitability 0.0037428490096684595
Iteration 67 exploitability 0.003071215340457365
Iteration 68 exploitability 0.0033561584692792905
Iteration 69 exploitability 0.004795594162963065
Iteration 70 exploitability 0.005504701170623114
Iteration 71 exploitability 0.005173512298230919
Iteration 72 exploitability 0.004094071915740331
Iteration 73 exploitability 0.0032724326522355377
Iteration 74 exploitability 0.00254591942204757
Iteration 75 exploitability 0.0028248755743130296
Iteration 76 exploitability 0.003767620517460668
Iteration 77 exploitability 0.004622400003121197
Iteration 78 exploitability 0.004367523752679351
Iteration 79 exploitability 0.00329000726816421
Iteration 80 exploitability 0.0020800246404615213
Iteration 81 exploitability 0.0023501246561794314
Iteration 82 exploitability 0.0031060021513528253
Iteration 83 exploitability 0.003768668803607718
Iteration 84 exploitability 0.004424333065614694
Iteration 85 exploitability 0.0037728552337596725
Iteration 86 exploitability 0.003036614453906219
Iteration 87 exploitability 0.0024541290413039284
Iteration 88 exploitability 0.002789089760914391
Iteration 89 exploitability 0.0036123864782404078
Iteration 90 exploitability 0.0038252679437193234
Iteration 91 exploitability 0.003226573279986369
Iteration 92 exploitability 0.002824539763851072
Iteration 93 exploitability 0.0025511866617737486
Iteration 94 exploitability 0.0023407645964221295
Iteration 95 exploitability 0.002577902198293928
Iteration 96 exploitability 0.002640652001328881
Iteration 97 exploitability 0.0023811098049541547
Iteration 98 exploitability 0.0025960284317547164
Iteration 99 exploitability 0.0024540865972701295
Iteration 100 exploitability 0.0022340710002292687
Iteration 101 exploitability 0.0022204218996709144
Iteration 102 exploitability 0.002350453171751315
Iteration 103 exploitability 0.0024555799989389496
Iteration 104 exploitability 0.002284227840993174
Iteration 105 exploitability 0.0018300500376513722
Iteration 106 exploitability 0.0019025485931144564
Iteration 107 exploitability 0.0024164169460068625
Iteration 108 exploitability 0.002923650115254173
Iteration 109 exploitability 0.002879625706916011
Iteration 110 exploitability 0.0026470862106150704
Iteration 111 exploitability 0.0023451159082876127
Iteration 112 exploitability 0.0022337497796848433
Iteration 113 exploitability 0.002217277265622257
Iteration 114 exploitability 0.002204247976501911
Iteration 115 exploitability 0.002116523789544248
Iteration 116 exploitability 0.002210151975082202
Iteration 117 exploitability 0.0022247529993822167
Iteration 118 exploitability 0.002240185148471953
Iteration 119 exploitability 0.002203574323229502
Iteration 120 exploitability 0.001968368538555953
Iteration 121 exploitability 0.0021670942555143853
Iteration 122 exploitability 0.002082912259709311
Iteration 123 exploitability 0.0019433189266055972
Iteration 124 exploitability 0.0020373752485760175
Iteration 125 exploitability 0.0022448048933579505
Iteration 126 exploitability 0.002341577014772809
Iteration 127 exploitability 0.0024052778464542578
Iteration 128 exploitability 0.0022536261627045286
Iteration 129 exploitability 0.0018644526864953607
Iteration 130 exploitability 0.0015800602841240814
Iteration 131 exploitability 0.0016997843318108763
Iteration 132 exploitability 0.001848862962730017
Iteration 133 exploitability 0.002223836203696796
Iteration 134 exploitability 0.002445826393061661
Iteration 135 exploitability 0.002370828421422365
Iteration 136 exploitability 0.0022760484967377314
Iteration 137 exploitability 0.002112439498558856
Iteration 138 exploitability 0.0017724121956415877
Iteration 139 exploitability 0.0016222612475049218
Iteration 140 exploitability 0.0016772627366655126
Iteration 141 exploitability 0.0019559926443552126
Iteration 142 exploitability 0.0023016436519519225
Iteration 143 exploitability 0.002328887005995929
Iteration 144 exploitability 0.0021950091789113895
Iteration 145 exploitability 0.002004169551862019
Iteration 146 exploitability 0.0018488629793884182
Iteration 147 exploitability 0.0018257060153062162
Iteration 148 exploitability 0.001804736686783263
Iteration 149 exploitability 0.0018546379645693236
Iteration 150 exploitability 0.0017743389211100076
Iteration 151 exploitability 0.0018050545900617295
Iteration 152 exploitability 0.0021346912658255614
Iteration 153 exploitability 0.0023988256008360977
Iteration 154 exploitability 0.0023899446836686575
Iteration 155 exploitability 0.002196560028364203
Iteration 156 exploitability 0.0019607523713446175
Iteration 157 exploitability 0.001767928388661383
Iteration 158 exploitability 0.0015150125456945423
Iteration 159 exploitability 0.0015734770776928216
Iteration 160 exploitability 0.0015011600306335427
Iteration 161 exploitability 0.0014162601368370314
Iteration 162 exploitability 0.0017167655544717457
Iteration 163 exploitability 0.002023290790668701
Iteration 164 exploitability 0.002132019549369677
Iteration 165 exploitability 0.002016508400870276
Iteration 166 exploitability 0.0017341165616881486
Iteration 167 exploitability 0.0016103784027470696
Iteration 168 exploitability 0.001678469522977801
Iteration 169 exploitability 0.0016989092587694388
Iteration 170 exploitability 0.001644578228700486
Iteration 171 exploitability 0.0014528750970005835
Iteration 172 exploitability 0.0011542095182776057
Iteration 173 exploitability 0.0011755462246173117
Iteration 174 exploitability 0.0014762720355549772
Iteration 175 exploitability 0.0018007162715859412
Iteration 176 exploitability 0.001991674417891159
Iteration 177 exploitability 0.0018456738102868657
Iteration 178 exploitability 0.001552265486920327
Iteration 179 exploitability 0.0012903043637894989
Iteration 180 exploitability 0.0011672238986169317
Iteration 181 exploitability 0.0012452018850324397
Iteration 182 exploitability 0.0014075908961052657
Iteration 183 exploitability 0.0013832556469372337
Iteration 184 exploitability 0.0012873032824575375
Iteration 185 exploitability 0.0012975055838907092
Iteration 186 exploitability 0.0012721894080374079
Iteration 187 exploitability 0.0013393810248370783
Iteration 188 exploitability 0.0014355177560620167
Iteration 189 exploitability 0.0016117373476648043
Iteration 190 exploitability 0.0017577407197434248
Iteration 191 exploitability 0.0018135554643415302
Iteration 192 exploitability 0.0016730478223442639
Iteration 193 exploitability 0.0013751046631038824
Iteration 194 exploitability 0.001068124049838062
Iteration 195 exploitability 0.0010373280765393722
Iteration 196 exploitability 0.0011688537419122886
Iteration 197 exploitability 0.0013054052197193963
Iteration 198 exploitability 0.0014756432446573606
Iteration 199 exploitability 0.0013885422293737999
Iteration 200 exploitability 0.001245274430526836
Iteration 201 exploitability 0.001157775901036891
Iteration 202 exploitability 0.0012343366153410363
Iteration 203 exploitability 0.0014130628878808173
Iteration 204 exploitability 0.0015262384976974072
Iteration 205 exploitability 0.0015075408600719671
Iteration 206 exploitability 0.0013774998399089266
Iteration 207 exploitability 0.001018899318105153
Iteration 208 exploitability 0.0008275504878620828
