Iteration 0 exploitability 0.6666666666666666
Iteration 1 exploitability 0.4277777777777778
Iteration 2 exploitability 0.21270743145743143
Iteration 3 exploitability 0.15968425762992608
Iteration 4 exploitability 0.06437323143450514
Iteration 5 exploitability 0.03890689811975585
Iteration 6 exploitability 0.025289483777841307
Iteration 7 exploitability 0.01735552808283227
Iteration 8 exploitability 0.012422904311922047
Iteration 9 exploitability 0.009196175919215021
Iteration 10 exploitability 0.006997090373315776
Iteration 11 exploitability 0.00544696573676582
Iteration 12 exploitability 0.004322988679972873
Iteration 13 exploitability 0.003488204659012594
Iteration 14 exploitability 0.002855264297498212
Iteration 15 exploitability 0.002366662920386219
Iteration 16 exploitability 0.0019834889237522594
Iteration 17 exploitability 0.0016787708529624385
Iteration 18 exploitability 0.0014334120359910051
Iteration 19 exploitability 0.0012336333550166491
Iteration 20 exploitability 0.001069322781304072
Iteration 21 exploitability 0.0009329453831087702
