Iteration 0 exploitability 0.7083333333333333
Iteration 1 exploitability 0.6779147976139581
Iteration 2 exploitability 0.5440832659113306
Iteration 3 exploitability 0.4276880130944045
Iteration 4 exploitability 0.37969010168866235
Iteration 5 exploitability 0.3237260244235296
Iteration 6 exploitability 0.23766417392534211
Iteration 7 exploitability 0.17897859644145866
Iteration 8 exploitability 0.15435230870694738
Iteration 9 exploitability 0.1218368375268861
Iteration 10 exploitability 0.10380352106365809
Iteration 11 exploitability 0.0929522594525925
Iteration 12 exploitability 0.08887226275220986
Iteration 13 exploitability 0.08037674178824677
Iteration 14 exploitability 0.07958389440835646
Iteration 15 exploitability 0.06911961798425469
Iteration 16 exploitability 0.06502559521199926
Iteration 17 exploitability 0.0601313604102178
Iteration 18 exploitability 0.059240565169497106
Iteration 19 exploitability 0.059159290761034676
Iteration 20 exploitability 0.04677647349933703
Iteration 21 exploitability 0.03662265071303888
Iteration 22 exploitability 0.032355760027770866
Iteration 23 exploitability 0.029236750641163656
Iteration 24 exploitability 0.0247397652392949
Iteration 25 exploitability 0.02322692736412542
Iteration 26 exploitability 0.0263838290738704
Iteration 27 exploitability 0.02562653788112338
Iteration 28 exploitability 0.021004477897225503
Iteration 29 exploitability 0.01786768163926348
Iteration 30 exploitability 0.01705545583699565
Iteration 31 exploitability 0.016334011110211072
Iteration 32 exploitability 0.01690256110110888
Iteration 33 exploitability 0.016172240699107936
Iteration 34 exploitability 0.01759741095231667
Iteration 35 exploitability 0.01822060221600888
Iteration 36 exploitability 0.015685240670514293
Iteration 37 exploitability 0.014164660104332302
Iteration 38 exploitability 0.013007040674834113
Iteration 39 exploitability 0.010588001634577286
Iteration 40 exploitability 0.009855265476773086
Iteration 41 exploitability 0.008226976291613005
Iteration 42 exploitability 0.008059711912069629
Iteration 43 exploitability 0.007924071983531587
Iteration 44 exploitability 0.009412787924980731
Iteration 45 exploitability 0.009646139264418638
Iteration 46 exploitability 0.009639372991598918
Iteration 47 exploitability 0.010516091467419744
Iteration 48 exploitability 0.012857314859497378
Iteration 49 exploitability 0.01268777702360836
Iteration 50 exploitability 0.012509960104536418
Iteration 51 exploitability 0.012035772801684861
Iteration 52 exploitability 0.010842782009455817
Iteration 53 exploitability 0.00765731060377451
Iteration 54 exploitability 0.005338714633063615
Iteration 55 exploitability 0.0049057593524157155
Iteration 56 exploitability 0.00580803225868421
Iteration 57 exploitability 0.005593777829727417
Iteration 58 exploitability 0.005303055809326643
Iteration 59 exploitability 0.004809788251977642
Iteration 60 exploitability 0.009563531855207759
Iteration 61 exploitability 0.01023142627330105
Iteration 62 exploitability 0.010054125675029602
Iteration 63 exploitability 0.009909175427493191
Iteration 64 exploitability 0.009763875506874197
Iteration 65 exploitability 0.006638604515395864
Iteration 66 exploitability 0.006517530777162498
Iteration 67 exploitability 0.004556613190756077
Iteration 68 exploitability 0.0040683114063383395
Iteration 69 exploitability 0.0042264562047065034
Iteration 70 exploitability 0.004286799480786285
Iteration 71 exploitability 0.006429276820504405
Iteration 72 exploitability 0.0060365513954746585
Iteration 73 exploitability 0.006453493630251467
Iteration 74 exploitability 0.006643019556841831
Iteration 75 exploitability 0.00638097666268953
Iteration 76 exploitability 0.008460221362007319
Iteration 77 exploitability 0.008881304472388454
Iteration 78 exploitability 0.0063580518609869675
Iteration 79 exploitability 0.0057004600541182265
Iteration 80 exploitability 0.005575219544001924
Iteration 81 exploitability 0.005649345385322909
Iteration 82 exploitability 0.005294371642983516
Iteration 83 exploitability 0.0029327044191996415
Iteration 84 exploitability 0.0029885158551604925
Iteration 85 exploitability 0.003040703358210133
Iteration 86 exploitability 0.0057224246419084815
Iteration 87 exploitability 0.0057769038256044415
Iteration 88 exploitability 0.005940698749469123
Iteration 89 exploitability 0.0058599105915492
Iteration 90 exploitability 0.007737190664770169
Iteration 91 exploitability 0.007889341466678024
Iteration 92 exploitability 0.0055910136840763205
Iteration 93 exploitability 0.005470162973134361
Iteration 94 exploitability 0.005301654442654194
Iteration 95 exploitability 0.005267269716635917
Iteration 96 exploitability 0.004965016218562915
Iteration 97 exploitability 0.004753437377841535
Iteration 98 exploitability 0.002297126322051834
Iteration 99 exploitability 0.005030289425195006
Iteration 100 exploitability 0.005209882062717558
Iteration 101 exploitability 0.005163805482624696
Iteration 102 exploitability 0.0048859778566174876
Iteration 103 exploitability 0.005020763919613888
Iteration 104 exploitability 0.004930393540576782
Iteration 105 exploitability 0.0048718667887045625
Iteration 106 exploitability 0.004874370268779618
Iteration 107 exploitability 0.005193526032396829
Iteration 108 exploitability 0.005005971355759216
Iteration 109 exploitability 0.004898457758521904
Iteration 110 exploitability 0.004742505062980723
Iteration 111 exploitability 0.0047117954941031485
Iteration 112 exploitability 0.004203454541731657
Iteration 113 exploitability 0.0017713983187993944
Iteration 114 exploitability 0.001972836040001095
Iteration 115 exploitability 0.004928031288501144
Iteration 116 exploitability 0.005017359757497092
Iteration 117 exploitability 0.004825409330259283
Iteration 118 exploitability 0.004743106843474518
Iteration 119 exploitability 0.0047811027697605615
Iteration 120 exploitability 0.004788530551400584
Iteration 121 exploitability 0.004553950208673057
Iteration 122 exploitability 0.004545021630671053
Iteration 123 exploitability 0.004698322191446857
Iteration 124 exploitability 0.00490438540415678
Iteration 125 exploitability 0.004718628844272263
Iteration 126 exploitability 0.0042481725361578505
Iteration 127 exploitability 0.004340905351565064
Iteration 128 exploitability 0.004134334694068001
Iteration 129 exploitability 0.0038812187754420358
Iteration 130 exploitability 0.001747183308377407
Iteration 131 exploitability 0.004533363890608835
Iteration 132 exploitability 0.004628967632046331
Iteration 133 exploitability 0.004504724103108538
Iteration 134 exploitability 0.004382872084739857
Iteration 135 exploitability 0.004487680900020598
Iteration 136 exploitability 0.004489310646934153
Iteration 137 exploitability 0.004284385194373373
Iteration 138 exploitability 0.004018505849393797
Iteration 139 exploitability 0.004257033370036321
Iteration 140 exploitability 0.0044796645723988275
Iteration 141 exploitability 0.004408624190975761
Iteration 142 exploitability 0.004107865916577532
Iteration 143 exploitability 0.004008255894233918
Iteration 144 exploitability 0.004085071475706711
Iteration 145 exploitability 0.003995152918233844
Iteration 146 exploitability 0.0015248073785782332
Iteration 147 exploitability 0.0040225234902679175
Iteration 148 exploitability 0.004137460220051935
Iteration 149 exploitability 0.004299213689104969
Iteration 150 exploitability 0.004223653589359051
Iteration 151 exploitability 0.004222074256744292
Iteration 152 exploitability 0.004281838817684047
Iteration 153 exploitability 0.004213370509738113
Iteration 154 exploitability 0.0015343770522172674
Iteration 155 exploitability 0.003985359250250367
Iteration 156 exploitability 0.004173032346759363
Iteration 157 exploitability 0.004214963830658738
Iteration 158 exploitability 0.0042036287753927795
Iteration 159 exploitability 0.004059852936865727
Iteration 160 exploitability 0.003867202188515073
Iteration 161 exploitability 0.003889434293802737
Iteration 162 exploitability 0.0037482467449001886
Iteration 163 exploitability 0.003857851672648953
Iteration 164 exploitability 0.003797047686711792
Iteration 165 exploitability 0.00398256654742266
Iteration 166 exploitability 0.004062138081673735
Iteration 167 exploitability 0.004134432955721915
Iteration 168 exploitability 0.004132773922484473
Iteration 169 exploitability 0.003972676375054431
Iteration 170 exploitability 0.003994061686978596
Iteration 171 exploitability 0.003942898811134616
Iteration 172 exploitability 0.003708460075149457
Iteration 173 exploitability 0.0036679057659037896
Iteration 174 exploitability 0.003963710238050716
Iteration 175 exploitability 0.004034899804565661
Iteration 176 exploitability 0.003983905827586358
Iteration 177 exploitability 0.003833193816514815
Iteration 178 exploitability 0.003663393532257209
Iteration 179 exploitability 0.003578199622133684
Iteration 180 exploitability 0.0034164672150605213
Iteration 181 exploitability 0.0036618523787949725
Iteration 182 exploitability 0.003639485318015148
Iteration 183 exploitability 0.0037946103006832044
Iteration 184 exploitability 0.003920135499923801
Iteration 185 exploitability 0.003915738212573354
Iteration 186 exploitability 0.003960948900211687
Iteration 187 exploitability 0.0038467768887008058
Iteration 188 exploitability 0.0037578012165284747
Iteration 189 exploitability 0.003641233050399028
Iteration 190 exploitability 0.003598692426712952
Iteration 191 exploitability 0.003664895292528881
Iteration 192 exploitability 0.0038377121189693757
Iteration 193 exploitability 0.003957311614538586
Iteration 194 exploitability 0.0038291019916599513
Iteration 195 exploitability 0.003760698442391758
Iteration 196 exploitability 0.003581013646605073
Iteration 197 exploitability 0.0034743228559177795
Iteration 198 exploitability 0.00334292548325093
Iteration 199 exploitability 0.003733228726379403
Iteration 200 exploitability 0.0036552519129964974
Iteration 201 exploitability 0.003726990610292762
Iteration 202 exploitability 0.0038359593390561867
Iteration 203 exploitability 0.003907095459822149
Iteration 204 exploitability 0.003944867094710688
Iteration 205 exploitability 0.00381947271629598
Iteration 206 exploitability 0.0036651605784895755
Iteration 207 exploitability 0.0036802470088618242
Iteration 208 exploitability 0.0061127859026678215
Iteration 209 exploitability 0.0036438027799376572
Iteration 210 exploitability 0.0036559567101799783
Iteration 211 exploitability 0.0037081402392000295
Iteration 212 exploitability 0.0037126029121786882
Iteration 213 exploitability 0.0036881326339487028
Iteration 214 exploitability 0.003648070152866857
Iteration 215 exploitability 0.0034488700029897635
Iteration 216 exploitability 0.003307975572930983
Iteration 217 exploitability 0.0009878022390853373
