Iteration 0 exploitability 0.7986111111111112
Iteration 1 exploitability 0.6629115334389611
Iteration 2 exploitability 0.5277592426347107
Iteration 3 exploitability 0.353421476005413
Iteration 4 exploitability 0.23016439630460414
Iteration 5 exploitability 0.14531720188942912
Iteration 6 exploitability 0.0973434110322304
Iteration 7 exploitability 0.07559317856232481
Iteration 8 exploitability 0.04733687290598684
Iteration 9 exploitability 0.03659740583900367
Iteration 10 exploitability 0.03195400729899371
Iteration 11 exploitability 0.024835410407810614
Iteration 12 exploitability 0.018823822604112493
Iteration 13 exploitability 0.017548526446993423
Iteration 14 exploitability 0.015425874743382154
Iteration 15 exploitability 0.013924426427952774
Iteration 16 exploitability 0.012067270222828379
Iteration 17 exploitability 0.009800456491589036
Iteration 18 exploitability 0.008869372812774452
Iteration 19 exploitability 0.006603437778787455
Iteration 20 exploitability 0.00584083538837625
Iteration 21 exploitability 0.006659783698588466
Iteration 22 exploitability 0.006214992903503988
Iteration 23 exploitability 0.005676599268226397
Iteration 24 exploitability 0.0047198114361188545
Iteration 25 exploitability 0.004817419880577302
Iteration 26 exploitability 0.004467784356359161
Iteration 27 exploitability 0.00428967787885058
Iteration 28 exploitability 0.00440836601565036
Iteration 29 exploitability 0.003441959529483644
Iteration 30 exploitability 0.002565062785027992
Iteration 31 exploitability 0.00260535049337838
Iteration 32 exploitability 0.0027537260176156717
Iteration 33 exploitability 0.003633734487799315
Iteration 34 exploitability 0.004010405183923952
Iteration 35 exploitability 0.002735497837611443
Iteration 36 exploitability 0.0014063236851166888
Iteration 37 exploitability 0.00188849468486943
Iteration 38 exploitability 0.002522526377802623
Iteration 39 exploitability 0.002781760806579015
Iteration 40 exploitability 0.002063258595518343
Iteration 41 exploitability 0.001303274502790953
Iteration 42 exploitability 0.0016580340243495825
Iteration 43 exploitability 0.0017618426953810943
Iteration 44 exploitability 0.0016949037540229753
Iteration 45 exploitability 0.0018801268307429956
Iteration 46 exploitability 0.0017459348894689288
Iteration 47 exploitability 0.0012949296611619056
Iteration 48 exploitability 0.0015618133377900967
Iteration 49 exploitability 0.0013121598877314455
Iteration 50 exploitability 0.0017992520128408433
Iteration 51 exploitability 0.0018326178062694769
Iteration 52 exploitability 0.0014916628681958574
Iteration 53 exploitability 0.0010007668102770026
Iteration 54 exploitability 0.0011237004579640385
Iteration 55 exploitability 0.0010788679311752314
Iteration 56 exploitability 0.001408572899561456
Iteration 57 exploitability 0.0013910341159615821
Iteration 58 exploitability 0.0010186598045984875
Iteration 59 exploitability 0.0010673544908417346
Iteration 60 exploitability 0.001232188933456327
Iteration 61 exploitability 0.0011413313726248097
Iteration 62 exploitability 0.0013287752953092449
Iteration 63 exploitability 0.0014355928956175487
Iteration 64 exploitability 0.0012568905326160375
Iteration 65 exploitability 0.000977003082107209
