Iteration 0 exploitability 0.7986111111111112
Iteration 1 exploitability 0.6644074799022326
Iteration 2 exploitability 0.5263060217359425
Iteration 3 exploitability 0.3421114198958616
Iteration 4 exploitability 0.22449894728267786
Iteration 5 exploitability 0.1448930863355214
Iteration 6 exploitability 0.09569946927591566
Iteration 7 exploitability 0.07274131319667462
Iteration 8 exploitability 0.04747340600583557
Iteration 9 exploitability 0.03485380715341645
Iteration 10 exploitability 0.030791311494486134
Iteration 11 exploitability 0.024232933269457888
Iteration 12 exploitability 0.01840827150461552
Iteration 13 exploitability 0.01672237883436039
Iteration 14 exploitability 0.014890059590078915
Iteration 15 exploitability 0.01340211665082246
Iteration 16 exploitability 0.011839110706096905
Iteration 17 exploitability 0.008837116530730478
Iteration 18 exploitability 0.008989680041823309
Iteration 19 exploitability 0.006574859595249222
Iteration 20 exploitability 0.005463568751873702
Iteration 21 exploitability 0.006303207837744608
Iteration 22 exploitability 0.006137665122655227
Iteration 23 exploitability 0.005633894145563943
Iteration 24 exploitability 0.005139453277232829
Iteration 25 exploitability 0.004686182979258482
Iteration 26 exploitability 0.00417311475628097
Iteration 27 exploitability 0.0038053349209215093
Iteration 28 exploitability 0.0039060874413272555
Iteration 29 exploitability 0.003402291555205367
Iteration 30 exploitability 0.0025145705242842517
Iteration 31 exploitability 0.0024855642504695167
Iteration 32 exploitability 0.0026409890418668323
Iteration 33 exploitability 0.0030360274378538666
Iteration 34 exploitability 0.004044548388752376
Iteration 35 exploitability 0.003177926554052831
Iteration 36 exploitability 0.001394248223294444
Iteration 37 exploitability 0.001838896823930741
Iteration 38 exploitability 0.002087128669775336
Iteration 39 exploitability 0.0027081014068871716
Iteration 40 exploitability 0.0018339442024085325
Iteration 41 exploitability 0.0012682316488536126
Iteration 42 exploitability 0.0015944828695567447
Iteration 43 exploitability 0.0017415266030969627
Iteration 44 exploitability 0.0017207038687746712
Iteration 45 exploitability 0.0018810979238580174
Iteration 46 exploitability 0.0017856299418798766
Iteration 47 exploitability 0.0014032649099757536
Iteration 48 exploitability 0.001708492869220106
Iteration 49 exploitability 0.0015324742295733575
Iteration 50 exploitability 0.0016799448270402272
Iteration 51 exploitability 0.0015846710536796677
Iteration 52 exploitability 0.0011875021172159696
Iteration 53 exploitability 0.0009836435607427862
