Iteration 0 exploitability 0.8777777777777779
Iteration 1 exploitability 0.6664755515278473
Iteration 2 exploitability 0.5333962265042942
Iteration 3 exploitability 0.4160204329679106
Iteration 4 exploitability 0.3436560897378932
Iteration 5 exploitability 0.2381420152086743
Iteration 6 exploitability 0.16115898635538323
Iteration 7 exploitability 0.12217319441365762
Iteration 8 exploitability 0.0997202542354644
Iteration 9 exploitability 0.07809665864819815
Iteration 10 exploitability 0.06594236389193572
Iteration 11 exploitability 0.052726445772767735
Iteration 12 exploitability 0.04002494894717143
Iteration 13 exploitability 0.033650905552583495
Iteration 14 exploitability 0.029484184013123877
Iteration 15 exploitability 0.026389110272340685
Iteration 16 exploitability 0.024665043116526262
Iteration 17 exploitability 0.021347288320033235
Iteration 18 exploitability 0.01698260889176916
Iteration 19 exploitability 0.015831621012673915
Iteration 20 exploitability 0.013551015508419181
Iteration 21 exploitability 0.01154244360170047
Iteration 22 exploitability 0.010028315071216317
Iteration 23 exploitability 0.010508014056169154
Iteration 24 exploitability 0.009786677178474909
Iteration 25 exploitability 0.008786394149094883
Iteration 26 exploitability 0.006924113805851321
Iteration 27 exploitability 0.00803520700519024
Iteration 28 exploitability 0.006540112095909021
Iteration 29 exploitability 0.005546805904959138
Iteration 30 exploitability 0.00506243822931093
Iteration 31 exploitability 0.006016853698334764
Iteration 32 exploitability 0.005543364586985823
Iteration 33 exploitability 0.0048909017045191214
Iteration 34 exploitability 0.004405460480335965
Iteration 35 exploitability 0.004666743430280552
Iteration 36 exploitability 0.004164082971520336
Iteration 37 exploitability 0.003198681033239616
Iteration 38 exploitability 0.0035851874776937813
Iteration 39 exploitability 0.003537089582013495
Iteration 40 exploitability 0.003493821117643848
Iteration 41 exploitability 0.0034504661334614642
Iteration 42 exploitability 0.0032441161286602396
Iteration 43 exploitability 0.0025636698638666234
Iteration 44 exploitability 0.0023535900741126128
Iteration 45 exploitability 0.0026302227686333564
Iteration 46 exploitability 0.002475774584136096
Iteration 47 exploitability 0.0024926748073158794
Iteration 48 exploitability 0.0024513972367654095
Iteration 49 exploitability 0.002567117877538351
Iteration 50 exploitability 0.001951459973610342
Iteration 51 exploitability 0.0018715544007590356
Iteration 52 exploitability 0.0019091181197369075
Iteration 53 exploitability 0.001998616723032191
Iteration 54 exploitability 0.002098611124286949
Iteration 55 exploitability 0.0020119110427504264
Iteration 56 exploitability 0.002056220526935546
Iteration 57 exploitability 0.0015921839558070792
Iteration 58 exploitability 0.0014562223970063957
Iteration 59 exploitability 0.0015683004845307397
Iteration 60 exploitability 0.0014826925832164039
Iteration 61 exploitability 0.001863298269888656
Iteration 62 exploitability 0.001835908004985459
Iteration 63 exploitability 0.001751930998964485
Iteration 64 exploitability 0.0013045857966915214
Iteration 65 exploitability 0.001027073088411214
Iteration 66 exploitability 0.0012824416798496996
Iteration 67 exploitability 0.0012733039134746205
Iteration 68 exploitability 0.0015916328624272485
Iteration 69 exploitability 0.0015236958768133889
Iteration 70 exploitability 0.0012502429794358986
Iteration 71 exploitability 0.0013589547700987841
Iteration 72 exploitability 0.0011663811055350115
Iteration 73 exploitability 0.0010806691678753686
Iteration 74 exploitability 0.001151448984737917
Iteration 75 exploitability 0.0011507474050998269
Iteration 76 exploitability 0.0014441699705500673
Iteration 77 exploitability 0.0012211723306505956
Iteration 78 exploitability 0.0008887788517349223
