Iteration 0 exploitability 0.7986111111111112
Iteration 1 exploitability 0.6657299441923072
Iteration 2 exploitability 0.4228060828748558
Iteration 3 exploitability 0.2855807211695929
Iteration 4 exploitability 0.1889707095375755
Iteration 5 exploitability 0.10331856617900856
Iteration 6 exploitability 0.07563502516514951
Iteration 7 exploitability 0.05119961168752574
Iteration 8 exploitability 0.03871634447189184
Iteration 9 exploitability 0.03414006270559343
Iteration 10 exploitability 0.025985946305682083
Iteration 11 exploitability 0.01956180488867482
Iteration 12 exploitability 0.01761339844861967
Iteration 13 exploitability 0.01158803182286823
Iteration 14 exploitability 0.011381538228281519
Iteration 15 exploitability 0.010894445243884356
Iteration 16 exploitability 0.008190195027467765
Iteration 17 exploitability 0.00908307676291902
Iteration 18 exploitability 0.006994887411825213
Iteration 19 exploitability 0.0058103070918614184
Iteration 20 exploitability 0.0056166671586233416
Iteration 21 exploitability 0.0044032374123921
Iteration 22 exploitability 0.005406432271633208
Iteration 23 exploitability 0.0050159877602341685
Iteration 24 exploitability 0.004015042869805805
Iteration 25 exploitability 0.003964419638514278
Iteration 26 exploitability 0.002952401520017853
Iteration 27 exploitability 0.0030440790139753962
Iteration 28 exploitability 0.003912891934600802
Iteration 29 exploitability 0.0025484562272212676
Iteration 30 exploitability 0.003404446211944458
Iteration 31 exploitability 0.0028790443317866505
Iteration 32 exploitability 0.0017817782051495735
Iteration 33 exploitability 0.002610899440540479
Iteration 34 exploitability 0.002150684751443415
Iteration 35 exploitability 0.0019836911332392023
Iteration 36 exploitability 0.0027192349067473314
Iteration 37 exploitability 0.0023249337810815635
Iteration 38 exploitability 0.0015282915665121204
Iteration 39 exploitability 0.0018131408411513662
Iteration 40 exploitability 0.0013558585445436727
Iteration 41 exploitability 0.0014645455324031353
Iteration 42 exploitability 0.0016633281230665304
Iteration 43 exploitability 0.0014201329275139493
Iteration 44 exploitability 0.001828816520635904
Iteration 45 exploitability 0.0013075893491175305
Iteration 46 exploitability 0.0013550742728068036
Iteration 47 exploitability 0.0016962859339966136
Iteration 48 exploitability 0.0010990407163028158
Iteration 49 exploitability 0.00104034748387342
Iteration 50 exploitability 0.001315446086680326
Iteration 51 exploitability 0.0011261788373929178
Iteration 52 exploitability 0.0016206255719412583
Iteration 53 exploitability 0.0015647346722907525
Iteration 54 exploitability 0.000952859659731361
