Iteration 0 exploitability 0.6666666666666666
Iteration 1 exploitability 0.4277777777777778
Iteration 2 exploitability 0.24146872045578943
Iteration 3 exploitability 0.1731061924958265
Iteration 4 exploitability 0.07169428681590535
Iteration 5 exploitability 0.043331711811810926
Iteration 6 exploitability 0.02816561267767711
Iteration 7 exploitability 0.019329342033699976
Iteration 8 exploitability 0.013835739560964193
Iteration 9 exploitability 0.010242040973700765
Iteration 10 exploitability 0.007792857262598407
Iteration 11 exploitability 0.00606643965365353
Iteration 12 exploitability 0.004814634645756771
Iteration 13 exploitability 0.003884912093472704
Iteration 14 exploitability 0.003179988528124834
Iteration 15 exploitability 0.002635819368231815
Iteration 16 exploitability 0.002209067660994283
Iteration 17 exploitability 0.0018696945352654312
Iteration 18 exploitability 0.0015964314878035605
Iteration 19 exploitability 0.0013739323257403466
Iteration 20 exploitability 0.0011909349969419494
Iteration 21 exploitability 0.001039047635013121
Iteration 22 exploitability 0.0009119301051976861
