Iteration 0 exploitability 0.8725
Iteration 1 exploitability 0.6626532574475451
Iteration 2 exploitability 0.5444864092638093
Iteration 3 exploitability 0.404441209992733
Iteration 4 exploitability 0.27503651434725085
Iteration 5 exploitability 0.17968682213795606
Iteration 6 exploitability 0.1407903627493037
Iteration 7 exploitability 0.1083765754062965
Iteration 8 exploitability 0.08971835144373051
Iteration 9 exploitability 0.07033613909974326
Iteration 10 exploitability 0.0517712618638277
Iteration 11 exploitability 0.03947972566655155
Iteration 12 exploitability 0.0328646246041135
Iteration 13 exploitability 0.027637503824554915
Iteration 14 exploitability 0.023479145596079443
Iteration 15 exploitability 0.021656082186145155
Iteration 16 exploitability 0.015734697616963455
Iteration 17 exploitability 0.013743453367352786
Iteration 18 exploitability 0.012147502991898443
Iteration 19 exploitability 0.010321059175688372
Iteration 20 exploitability 0.009621485088146092
Iteration 21 exploitability 0.00940540789032559
Iteration 22 exploitability 0.008472333675687435
Iteration 23 exploitability 0.007295422184523744
Iteration 24 exploitability 0.006502364190776318
Iteration 25 exploitability 0.00595784440130473
Iteration 26 exploitability 0.004897168983391151
Iteration 27 exploitability 0.004796921771135859
Iteration 28 exploitability 0.00438401516336843
Iteration 29 exploitability 0.0048832497965334105
Iteration 30 exploitability 0.004430394022071347
Iteration 31 exploitability 0.004011142860388276
Iteration 32 exploitability 0.003300827903092763
Iteration 33 exploitability 0.003455565357360395
Iteration 34 exploitability 0.003444720297260561
Iteration 35 exploitability 0.0036194626685650388
Iteration 36 exploitability 0.0030812008752783074
Iteration 37 exploitability 0.0025962224946883073
Iteration 38 exploitability 0.0025479947572208924
Iteration 39 exploitability 0.0022030213993754775
Iteration 40 exploitability 0.0016206755364739298
Iteration 41 exploitability 0.0024147343664580904
Iteration 42 exploitability 0.0024589975395661644
Iteration 43 exploitability 0.002138361050218732
Iteration 44 exploitability 0.0019871673203149718
Iteration 45 exploitability 0.002156429228758955
Iteration 46 exploitability 0.001557112218465293
Iteration 47 exploitability 0.001812543232614077
Iteration 48 exploitability 0.0018111881747805664
Iteration 49 exploitability 0.001403386058494918
Iteration 50 exploitability 0.001554941800676484
Iteration 51 exploitability 0.0017009276915262114
Iteration 52 exploitability 0.0011436189516343608
Iteration 53 exploitability 0.0012840416800320368
Iteration 54 exploitability 0.0015362840286538566
Iteration 55 exploitability 0.001502978060078336
Iteration 56 exploitability 0.001434292314098533
Iteration 57 exploitability 0.0015230238773919639
Iteration 58 exploitability 0.0011383098591771076
Iteration 59 exploitability 0.0008564418029177341
