Iteration 0 exploitability 0.8777777777777779
Iteration 1 exploitability 0.6674550050968922
Iteration 2 exploitability 0.5336922898702072
Iteration 3 exploitability 0.4135625688371766
Iteration 4 exploitability 0.3403108674800034
Iteration 5 exploitability 0.23946350190961802
Iteration 6 exploitability 0.16368799494904482
Iteration 7 exploitability 0.1260687254734135
Iteration 8 exploitability 0.0991537041013434
Iteration 9 exploitability 0.08006826143834467
Iteration 10 exploitability 0.06951982469042808
Iteration 11 exploitability 0.05390802862991994
Iteration 12 exploitability 0.04364630273773735
Iteration 13 exploitability 0.03717363958858562
Iteration 14 exploitability 0.03239146269001225
Iteration 15 exploitability 0.027129028026996817
Iteration 16 exploitability 0.024800230330048148
Iteration 17 exploitability 0.022913960800677327
Iteration 18 exploitability 0.01921153105141951
Iteration 19 exploitability 0.015522573560199777
Iteration 20 exploitability 0.013294725070404387
Iteration 21 exploitability 0.012754083703965309
Iteration 22 exploitability 0.011719535417417245
Iteration 23 exploitability 0.010250052850366493
Iteration 24 exploitability 0.009418193450946213
Iteration 25 exploitability 0.01026759973266684
Iteration 26 exploitability 0.00929879477235822
Iteration 27 exploitability 0.006975070525152098
Iteration 28 exploitability 0.006781684118897556
Iteration 29 exploitability 0.00656963507957019
Iteration 30 exploitability 0.005490186317488396
Iteration 31 exploitability 0.0054390745750345915
Iteration 32 exploitability 0.005372513520304318
Iteration 33 exploitability 0.005317378083907012
Iteration 34 exploitability 0.004676729771470307
Iteration 35 exploitability 0.00453453856216815
Iteration 36 exploitability 0.00423179328080445
Iteration 37 exploitability 0.003919914472608451
Iteration 38 exploitability 0.0038085893212913237
Iteration 39 exploitability 0.0034968918222230325
Iteration 40 exploitability 0.003316757885165099
Iteration 41 exploitability 0.0035144970550921857
Iteration 42 exploitability 0.0032690499557427605
Iteration 43 exploitability 0.002684442097563022
Iteration 44 exploitability 0.0025439502381197805
Iteration 45 exploitability 0.0025027593486993713
Iteration 46 exploitability 0.0027388554835956905
Iteration 47 exploitability 0.0023991238642986825
Iteration 48 exploitability 0.002370747782968974
Iteration 49 exploitability 0.002113317340235583
Iteration 50 exploitability 0.002334157528890411
Iteration 51 exploitability 0.0022272652428272297
Iteration 52 exploitability 0.0018410815743695518
Iteration 53 exploitability 0.0016997981784640675
Iteration 54 exploitability 0.0021844187263722233
Iteration 55 exploitability 0.0021662511386993386
Iteration 56 exploitability 0.001619319324563084
Iteration 57 exploitability 0.0012692650123183103
Iteration 58 exploitability 0.0018531480884703866
Iteration 59 exploitability 0.0017700447471281724
Iteration 60 exploitability 0.0015525360894243939
Iteration 61 exploitability 0.001763025382026973
Iteration 62 exploitability 0.0018024728074237243
Iteration 63 exploitability 0.0015776687266563965
Iteration 64 exploitability 0.0011248376690613194
Iteration 65 exploitability 0.0012579930802814397
Iteration 66 exploitability 0.0012939586403804492
Iteration 67 exploitability 0.001563226783286902
Iteration 68 exploitability 0.001357529440423111
Iteration 69 exploitability 0.0011608760921064066
Iteration 70 exploitability 0.0009997640331157998
