Iteration 0 exploitability 0.8725
Iteration 1 exploitability 0.6631876391691212
Iteration 2 exploitability 0.5364459939686754
Iteration 3 exploitability 0.394136656747395
Iteration 4 exploitability 0.27228818665019816
Iteration 5 exploitability 0.17811794821413635
Iteration 6 exploitability 0.13010089589264134
Iteration 7 exploitability 0.09973802354671238
Iteration 8 exploitability 0.08516016747958087
Iteration 9 exploitability 0.061992168410758594
Iteration 10 exploitability 0.0490025265401458
Iteration 11 exploitability 0.03908616130550886
Iteration 12 exploitability 0.03180789578445298
Iteration 13 exploitability 0.026440759206372448
Iteration 14 exploitability 0.023804825325772768
Iteration 15 exploitability 0.01997471776712955
Iteration 16 exploitability 0.0170819851734492
Iteration 17 exploitability 0.014524568564426622
Iteration 18 exploitability 0.01217806828225662
Iteration 19 exploitability 0.010571851707457017
Iteration 20 exploitability 0.009376706209254763
Iteration 21 exploitability 0.009086105724260144
Iteration 22 exploitability 0.007293084662259366
Iteration 23 exploitability 0.0071329517828343115
Iteration 24 exploitability 0.006635181920167075
Iteration 25 exploitability 0.005190159150139198
Iteration 26 exploitability 0.0049587128771593734
Iteration 27 exploitability 0.005324094461713348
Iteration 28 exploitability 0.005502815479466896
Iteration 29 exploitability 0.004929348715354829
Iteration 30 exploitability 0.003908822612892068
Iteration 31 exploitability 0.0035661188159336454
Iteration 32 exploitability 0.004109040721562087
Iteration 33 exploitability 0.0037887772583315212
Iteration 34 exploitability 0.002863323970712866
Iteration 35 exploitability 0.0029526241667456633
Iteration 36 exploitability 0.0031864289023749524
Iteration 37 exploitability 0.003340992578096365
Iteration 38 exploitability 0.00273088549578433
Iteration 39 exploitability 0.0021144601413462705
Iteration 40 exploitability 0.002279068034261212
Iteration 41 exploitability 0.0024629113735025326
Iteration 42 exploitability 0.0024720602618812154
Iteration 43 exploitability 0.0020438904766624643
Iteration 44 exploitability 0.0020315359934218913
Iteration 45 exploitability 0.002528097403285856
Iteration 46 exploitability 0.00228534634567341
Iteration 47 exploitability 0.001521774246365674
Iteration 48 exploitability 0.0013893167391219562
Iteration 49 exploitability 0.0018091660850917271
Iteration 50 exploitability 0.0019987750721357465
Iteration 51 exploitability 0.002070121677750225
Iteration 52 exploitability 0.0017012355972326103
Iteration 53 exploitability 0.0015075757267868524
Iteration 54 exploitability 0.0016582224912392602
Iteration 55 exploitability 0.0015563398635351057
Iteration 56 exploitability 0.0011679318603197502
Iteration 57 exploitability 0.0011388983299988218
Iteration 58 exploitability 0.0013613370890337678
Iteration 59 exploitability 0.001568770970603891
Iteration 60 exploitability 0.0012831787227442213
Iteration 61 exploitability 0.0012033011807035194
Iteration 62 exploitability 0.0013234933017429295
Iteration 63 exploitability 0.0014188381658132385
Iteration 64 exploitability 0.0013200166479782952
Iteration 65 exploitability 0.0010727248061508576
Iteration 66 exploitability 0.0010365156116434444
Iteration 67 exploitability 0.0012020315227206806
Iteration 68 exploitability 0.001324429211306299
Iteration 69 exploitability 0.000940962453279436
