Iteration 0 exploitability 0.7986111111111112
Iteration 1 exploitability 0.6634289450564912
Iteration 2 exploitability 0.4230304712025688
Iteration 3 exploitability 0.29086479579708896
Iteration 4 exploitability 0.18317746149817815
Iteration 5 exploitability 0.10114641279646358
Iteration 6 exploitability 0.07420241504390582
Iteration 7 exploitability 0.053312269744629846
Iteration 8 exploitability 0.04169683421012678
Iteration 9 exploitability 0.03646035995327402
Iteration 10 exploitability 0.027913573573633874
Iteration 11 exploitability 0.020343658289715377
Iteration 12 exploitability 0.018345163321480833
Iteration 13 exploitability 0.012566700186773777
Iteration 14 exploitability 0.01195912068700501
Iteration 15 exploitability 0.011486366150420396
Iteration 16 exploitability 0.008814384498728975
Iteration 17 exploitability 0.00847237749718832
Iteration 18 exploitability 0.007132736632673099
Iteration 19 exploitability 0.006061776556967652
Iteration 20 exploitability 0.005835762046130741
Iteration 21 exploitability 0.004633561405193012
Iteration 22 exploitability 0.004859654028154683
Iteration 23 exploitability 0.0048062067158551325
Iteration 24 exploitability 0.004201698476020087
Iteration 25 exploitability 0.004193410048927977
Iteration 26 exploitability 0.003150963029080327
Iteration 27 exploitability 0.002754053541139337
Iteration 28 exploitability 0.0036901867830401395
Iteration 29 exploitability 0.002635924351203023
Iteration 30 exploitability 0.0035691771784173423
Iteration 31 exploitability 0.002972685012314234
Iteration 32 exploitability 0.001898533058603569
Iteration 33 exploitability 0.0023049702425301617
Iteration 34 exploitability 0.0021787654861961598
Iteration 35 exploitability 0.0020038979060757996
Iteration 36 exploitability 0.002663991859927289
Iteration 37 exploitability 0.00223234966847162
Iteration 38 exploitability 0.0016410412070268611
Iteration 39 exploitability 0.001640581382653134
Iteration 40 exploitability 0.0014321410241507479
Iteration 41 exploitability 0.001385585059832167
Iteration 42 exploitability 0.0014059146673039353
Iteration 43 exploitability 0.0016476675554001614
Iteration 44 exploitability 0.0017994395525745498
Iteration 45 exploitability 0.001381779184420295
Iteration 46 exploitability 0.0014863969422491416
Iteration 47 exploitability 0.001506357792814418
Iteration 48 exploitability 0.0009959467878860725
