Iteration 0 exploitability 0.7465277777777778
Iteration 1 exploitability 0.6479299941991957
Iteration 2 exploitability 0.5213069310714631
Iteration 3 exploitability 0.40741904983080046
Iteration 4 exploitability 0.32613457829751835
Iteration 5 exploitability 0.2562148835140431
Iteration 6 exploitability 0.1912792060931785
Iteration 7 exploitability 0.1519240045923247
Iteration 8 exploitability 0.1292889397645892
Iteration 9 exploitability 0.1059220965229655
Iteration 10 exploitability 0.08862689612887698
Iteration 11 exploitability 0.07582564416086714
Iteration 12 exploitability 0.05861896323758131
Iteration 13 exploitability 0.04976187317838608
Iteration 14 exploitability 0.05450661558606834
Iteration 15 exploitability 0.04824048388419154
Iteration 16 exploitability 0.03909741077218141
Iteration 17 exploitability 0.032356723521087295
Iteration 18 exploitability 0.03215377111193794
Iteration 19 exploitability 0.035608371927840374
Iteration 20 exploitability 0.030844167719407567
Iteration 21 exploitability 0.02410356657319801
Iteration 22 exploitability 0.019233400843891288
Iteration 23 exploitability 0.017220014355354085
Iteration 24 exploitability 0.01945323747857497
Iteration 25 exploitability 0.02011662566453449
Iteration 26 exploitability 0.01892165765288434
Iteration 27 exploitability 0.01563180959890557
Iteration 28 exploitability 0.013969476398687893
Iteration 29 exploitability 0.013206253413330142
Iteration 30 exploitability 0.012260406037813087
Iteration 31 exploitability 0.01248649911008053
Iteration 32 exploitability 0.013438613091060293
Iteration 33 exploitability 0.011186375223771586
Iteration 34 exploitability 0.01023089813766805
Iteration 35 exploitability 0.011504790696745421
Iteration 36 exploitability 0.010925070099548892
Iteration 37 exploitability 0.009626399891329282
Iteration 38 exploitability 0.01032194394409474
Iteration 39 exploitability 0.009713609445356177
Iteration 40 exploitability 0.009576326460767299
Iteration 41 exploitability 0.009848867437579591
Iteration 42 exploitability 0.00922757583993309
Iteration 43 exploitability 0.007203012708347001
Iteration 44 exploitability 0.006323602360007385
Iteration 45 exploitability 0.0068082905940133245
Iteration 46 exploitability 0.008097883734033171
Iteration 47 exploitability 0.008531460820831503
Iteration 48 exploitability 0.007415313687885334
Iteration 49 exploitability 0.006134125251186768
Iteration 50 exploitability 0.00488742553958213
Iteration 51 exploitability 0.005120779867519522
Iteration 52 exploitability 0.0066487520906081884
Iteration 53 exploitability 0.007716819060020877
Iteration 54 exploitability 0.006888698226443817
Iteration 55 exploitability 0.005676489189917347
Iteration 56 exploitability 0.0047848563470541785
Iteration 57 exploitability 0.004557129525116473
Iteration 58 exploitability 0.0044595097314565285
Iteration 59 exploitability 0.005079900160820014
Iteration 60 exploitability 0.00517708738861768
Iteration 61 exploitability 0.004996268765356644
Iteration 62 exploitability 0.004810558677790223
Iteration 63 exploitability 0.0044706809100475715
Iteration 64 exploitability 0.0046790452208602205
Iteration 65 exploitability 0.004557436946384659
Iteration 66 exploitability 0.004522482471787744
Iteration 67 exploitability 0.004211926856503915
Iteration 68 exploitability 0.005183061278040864
Iteration 69 exploitability 0.005265087653311376
Iteration 70 exploitability 0.004392936463595733
Iteration 71 exploitability 0.0037161602344547465
Iteration 72 exploitability 0.003369432282217857
Iteration 73 exploitability 0.003761201927791148
Iteration 74 exploitability 0.0036527468682333525
Iteration 75 exploitability 0.003769145423011366
Iteration 76 exploitability 0.004286039626317032
Iteration 77 exploitability 0.00395462433210589
Iteration 78 exploitability 0.003703691812855492
Iteration 79 exploitability 0.003375471120985402
Iteration 80 exploitability 0.002812600186151892
Iteration 81 exploitability 0.003060607803819038
Iteration 82 exploitability 0.0032870125405246343
Iteration 83 exploitability 0.003338924083131559
Iteration 84 exploitability 0.003554513082239249
Iteration 85 exploitability 0.0036698088594276238
Iteration 86 exploitability 0.0035370114584979233
Iteration 87 exploitability 0.0031647586003949917
Iteration 88 exploitability 0.0028700575791021114
Iteration 89 exploitability 0.002894937896900536
Iteration 90 exploitability 0.00289695885601389
Iteration 91 exploitability 0.003095912338163767
Iteration 92 exploitability 0.0028912848475964106
Iteration 93 exploitability 0.0031439686291935957
Iteration 94 exploitability 0.003455917440801582
Iteration 95 exploitability 0.003211931744949577
Iteration 96 exploitability 0.00296962579359158
Iteration 97 exploitability 0.0028329990159005006
Iteration 98 exploitability 0.0027932068558620265
Iteration 99 exploitability 0.0027778662278490646
Iteration 100 exploitability 0.00259357555560011
Iteration 101 exploitability 0.0023093441802384007
Iteration 102 exploitability 0.002804987584312791
Iteration 103 exploitability 0.003140927262825242
Iteration 104 exploitability 0.003451277356860372
Iteration 105 exploitability 0.003342939561953431
Iteration 106 exploitability 0.0028883026613546366
Iteration 107 exploitability 0.002604924472742256
Iteration 108 exploitability 0.00235307888862112
Iteration 109 exploitability 0.00229475984781126
Iteration 110 exploitability 0.002464955652912917
Iteration 111 exploitability 0.002442089470379959
Iteration 112 exploitability 0.0021971496978563498
Iteration 113 exploitability 0.002284140137532516
Iteration 114 exploitability 0.0024833088702169367
Iteration 115 exploitability 0.0024503453679720994
Iteration 116 exploitability 0.0022636184330131377
Iteration 117 exploitability 0.0021207664732490993
Iteration 118 exploitability 0.002056551001501586
Iteration 119 exploitability 0.002234268776755463
Iteration 120 exploitability 0.0022661324039473436
Iteration 121 exploitability 0.0022252163873274656
Iteration 122 exploitability 0.002005859977946442
Iteration 123 exploitability 0.0018594715853020236
Iteration 124 exploitability 0.0020775056830112577
Iteration 125 exploitability 0.0023847001630916175
Iteration 126 exploitability 0.00259198601975656
Iteration 127 exploitability 0.002516221168596025
Iteration 128 exploitability 0.002175729612937406
Iteration 129 exploitability 0.001936673474569588
Iteration 130 exploitability 0.0018557937220566921
Iteration 131 exploitability 0.002023699480464449
Iteration 132 exploitability 0.0023021924722130935
Iteration 133 exploitability 0.0023482251268503156
Iteration 134 exploitability 0.002085562488055108
Iteration 135 exploitability 0.0019428216224263105
Iteration 136 exploitability 0.0018223945580810696
Iteration 137 exploitability 0.0019371964333697107
Iteration 138 exploitability 0.0020917819670393037
Iteration 139 exploitability 0.002076186909926417
Iteration 140 exploitability 0.0019740743945689896
Iteration 141 exploitability 0.0018316020911250154
Iteration 142 exploitability 0.0021797359445442327
Iteration 143 exploitability 0.0023803002570887727
Iteration 144 exploitability 0.002188524364355811
Iteration 145 exploitability 0.0018872585348110862
Iteration 146 exploitability 0.0016519888870148822
Iteration 147 exploitability 0.0014617192410665138
Iteration 148 exploitability 0.0015249284794850138
Iteration 149 exploitability 0.0017551880686092662
Iteration 150 exploitability 0.0019746147719978176
Iteration 151 exploitability 0.0019782073980374078
Iteration 152 exploitability 0.0019263886606991068
Iteration 153 exploitability 0.0018209359053186452
Iteration 154 exploitability 0.0019061175261496795
Iteration 155 exploitability 0.0019228367160348757
Iteration 156 exploitability 0.0018109602795001855
Iteration 157 exploitability 0.0017890567330229
Iteration 158 exploitability 0.0018441169646757965
Iteration 159 exploitability 0.0019426323839526593
Iteration 160 exploitability 0.0018649670367125797
Iteration 161 exploitability 0.001908922783648306
Iteration 162 exploitability 0.001990325091768735
Iteration 163 exploitability 0.002049923527800645
Iteration 164 exploitability 0.001987754698850407
Iteration 165 exploitability 0.0018790065512154135
Iteration 166 exploitability 0.0018052893306003811
Iteration 167 exploitability 0.0017216688084030736
Iteration 168 exploitability 0.0016748583194070594
Iteration 169 exploitability 0.0015320682542269278
Iteration 170 exploitability 0.0013648992349464724
Iteration 171 exploitability 0.0014556412209560457
Iteration 172 exploitability 0.0016111411620028941
Iteration 173 exploitability 0.0017881303097426306
Iteration 174 exploitability 0.0018542734630313468
Iteration 175 exploitability 0.0019529348256751339
Iteration 176 exploitability 0.0018833571451322836
Iteration 177 exploitability 0.0016832789764330753
Iteration 178 exploitability 0.0014957319300775073
Iteration 179 exploitability 0.0013140651061052894
Iteration 180 exploitability 0.0015606533479213631
Iteration 181 exploitability 0.001800703533350208
Iteration 182 exploitability 0.0018441350088600269
Iteration 183 exploitability 0.0017362978082470456
Iteration 184 exploitability 0.0016274153787147634
Iteration 185 exploitability 0.0014506559544337858
Iteration 186 exploitability 0.00126445963876056
Iteration 187 exploitability 0.0012703769511109423
Iteration 188 exploitability 0.0014889104012266753
Iteration 189 exploitability 0.001638092395930007
Iteration 190 exploitability 0.001746576623318756
Iteration 191 exploitability 0.0017012041650717696
Iteration 192 exploitability 0.0015586905479994181
Iteration 193 exploitability 0.001310304360975522
Iteration 194 exploitability 0.0011836627528200331
Iteration 195 exploitability 0.0011397808210225095
Iteration 196 exploitability 0.0011284836460047306
Iteration 197 exploitability 0.0012695139452232303
Iteration 198 exploitability 0.001495267138350766
Iteration 199 exploitability 0.001579993793368728
Iteration 200 exploitability 0.0014560604956177364
Iteration 201 exploitability 0.0013615183117341924
Iteration 202 exploitability 0.0013659236373643878
Iteration 203 exploitability 0.0014862002904948456
Iteration 204 exploitability 0.0015519657193806575
Iteration 205 exploitability 0.0015542515336778087
Iteration 206 exploitability 0.0015142575139026643
Iteration 207 exploitability 0.001315442081576756
Iteration 208 exploitability 0.001152447291143977
Iteration 209 exploitability 0.0011134080075146594
Iteration 210 exploitability 0.0011611217140708096
Iteration 211 exploitability 0.001211890029542616
Iteration 212 exploitability 0.0013589925481617693
Iteration 213 exploitability 0.0014574520336951041
Iteration 214 exploitability 0.0014147087253559294
Iteration 215 exploitability 0.0012778301129763555
Iteration 216 exploitability 0.0012115108302344843
Iteration 217 exploitability 0.0013280486464460639
Iteration 218 exploitability 0.0013985336029601926
Iteration 219 exploitability 0.001368364983899427
Iteration 220 exploitability 0.0013194371382111646
Iteration 221 exploitability 0.0011586338894887035
Iteration 222 exploitability 0.0010763276020967355
Iteration 223 exploitability 0.0009463577956353951
